This file contains any messages produced by compilers while
running configure, to aid debugging if configure makes a mistake.

It was created by configure, which was
generated by GNU Autoconf 2.63.  Invocation command line was

  $ ./configure --no-create --no-recursion

## --------- ##
## Platform. ##
## --------- ##

hostname = ns-fedora-core-12
uname -m = i686
uname -r = 2.6.31.5-127.fc12.i686.PAE
uname -s = Linux
uname -v = #1 SMP Sat Nov 7 21:25:57 EST 2009

/usr/bin/uname -p = unknown
/bin/uname -X     = unknown

/bin/arch              = i686
/usr/bin/arch -k       = unknown
/usr/convex/getsysinfo = unknown
/usr/bin/hostinfo      = unknown
/bin/machine           = unknown
/usr/bin/oslevel       = unknown
/bin/universe          = unknown

PATH: /usr/kerberos/sbin
PATH: /usr/kerberos/bin
PATH: /usr/local/bin
PATH: /bin
PATH: /usr/bin
PATH: /usr/local/sbin
PATH: /usr/sbin
PATH: /sbin
PATH: /home/tomh/bin


## ----------- ##
## Core tests. ##
## ----------- ##

configure:1884: checking for a BSD-compatible install
configure:1952: result: /usr/bin/install -c
configure:1963: checking whether build environment is sane
configure:2023: result: yes
configure:2051: WARNING: `missing' script is too old or missing
configure:2164: checking for a thread-safe mkdir -p
configure:2203: result: /bin/mkdir -p
configure:2216: checking for gawk
configure:2232: found /bin/gawk
configure:2243: result: gawk
configure:2254: checking whether make sets $(MAKE)
configure:2276: result: yes
configure:2362: checking if malloc debugging is wanted
configure:2382: result: no
configure:2436: checking for gcc
configure:2452: found /usr/bin/gcc
configure:2463: result: gcc
configure:2695: checking for C compiler version
configure:2703: gcc --version >&5
gcc (GCC) 4.4.2 20091027 (Red Hat 4.4.2-7)
Copyright (C) 2009 Free Software Foundation, Inc.
This is free software; see the source for copying conditions.  There is NO
warranty; not even for MERCHANTABILITY or FITNESS FOR A PARTICULAR PURPOSE.

configure:2707: $? = 0
configure:2714: gcc -v >&5
Using built-in specs.
Target: i686-redhat-linux
Configured with: ../configure --prefix=/usr --mandir=/usr/share/man --infodir=/usr/share/info --with-bugurl=http://bugzilla.redhat.com/bugzilla --enable-bootstrap --enable-shared --enable-threads=posix --enable-checking=release --with-system-zlib --enable-__cxa_atexit --disable-libunwind-exceptions --enable-gnu-unique-object --enable-languages=c,c++,objc,obj-c++,java,fortran,ada --enable-java-awt=gtk --disable-dssi --enable-plugin --with-java-home=/usr/lib/jvm/java-1.5.0-gcj-1.5.0.0/jre --enable-libgcj-multifile --enable-java-maintainer-mode --with-ecj-jar=/usr/share/java/eclipse-ecj.jar --disable-libjava-multilib --with-ppl --with-cloog --with-tune=generic --with-arch=i686 --build=i686-redhat-linux
Thread model: posix
gcc version 4.4.2 20091027 (Red Hat 4.4.2-7) (GCC) 
configure:2718: $? = 0
configure:2725: gcc -V >&5
gcc: '-V' option must have argument
configure:2729: $? = 1
configure:2752: checking for C compiler default output file name
configure:2774: gcc    conftest.c  >&5
configure:2778: $? = 0
configure:2816: result: a.out
configure:2835: checking whether the C compiler works
configure:2845: ./a.out
configure:2849: $? = 0
configure:2868: result: yes
configure:2875: checking whether we are cross compiling
configure:2877: result: no
configure:2880: checking for suffix of executables
configure:2887: gcc -o conftest    conftest.c  >&5
configure:2891: $? = 0
configure:2917: result: 
configure:2923: checking for suffix of object files
configure:2949: gcc -c   conftest.c >&5
configure:2953: $? = 0
configure:2978: result: o
configure:2982: checking whether we are using the GNU C compiler
configure:3011: gcc -c   conftest.c >&5
configure:3018: $? = 0
configure:3035: result: yes
configure:3044: checking whether gcc accepts -g
configure:3074: gcc -c -g  conftest.c >&5
configure:3081: $? = 0
configure:3182: result: yes
configure:3199: checking for gcc option to accept ISO C89
configure:3273: gcc  -c -g -O2  conftest.c >&5
configure:3280: $? = 0
configure:3303: result: none needed
configure:3332: checking for style of include used by make
configure:3360: result: GNU
configure:3385: checking dependency style of gcc
configure:3495: result: gcc3
configure:3517: checking how to run the C preprocessor
configure:3557: gcc -E  conftest.c
configure:3564: $? = 0
configure:3595: gcc -E  conftest.c
conftest.c:10:28: error: ac_nonexistent.h: No such file or directory
configure:3602: $? = 1
configure: failed program was:
| /* confdefs.h.  */
| #define PACKAGE_NAME ""
| #define PACKAGE_TARNAME ""
| #define PACKAGE_VERSION ""
| #define PACKAGE_STRING ""
| #define PACKAGE_BUGREPORT ""
| #define PACKAGE "xgraph"
| #define VERSION "12.2"
| /* end confdefs.h.  */
| #include <ac_nonexistent.h>
configure:3635: result: gcc -E
configure:3664: gcc -E  conftest.c
configure:3671: $? = 0
configure:3702: gcc -E  conftest.c
conftest.c:10:28: error: ac_nonexistent.h: No such file or directory
configure:3709: $? = 1
configure: failed program was:
| /* confdefs.h.  */
| #define PACKAGE_NAME ""
| #define PACKAGE_TARNAME ""
| #define PACKAGE_VERSION ""
| #define PACKAGE_STRING ""
| #define PACKAGE_BUGREPORT ""
| #define PACKAGE "xgraph"
| #define VERSION "12.2"
| /* end confdefs.h.  */
| #include <ac_nonexistent.h>
configure:3749: checking for X
configure:3864: gcc -E  conftest.c
configure:3871: $? = 0
configure:3920: gcc -o conftest -g -O2   conftest.c -lX11  >&5
configure:3927: $? = 0
configure:3989: result: libraries , headers 
configure:4158: gcc -o conftest -g -O2   conftest.c   -lX11 >&5
configure:4165: $? = 0
configure:4333: checking for gethostbyname
configure:4389: gcc -o conftest -g -O2   conftest.c  >&5
configure:4396: $? = 0
configure:4416: result: yes
configure:4569: checking for connect
configure:4625: gcc -o conftest -g -O2   conftest.c  >&5
configure:4632: $? = 0
configure:4652: result: yes
configure:4728: checking for remove
configure:4784: gcc -o conftest -g -O2   conftest.c  >&5
configure:4791: $? = 0
configure:4811: result: yes
configure:4887: checking for shmat
configure:4943: gcc -o conftest -g -O2   conftest.c  >&5
configure:4950: $? = 0
configure:4970: result: yes
configure:5055: checking for IceConnectionNumber in -lICE
configure:5090: gcc -o conftest -g -O2   conftest.c -lICE   >&5
configure:5097: $? = 0
configure:5118: result: yes
configure:5129: checking for grep that handles long lines and -e
configure:5189: result: /bin/grep
configure:5194: checking for egrep
configure:5258: result: /bin/grep -E
configure:5263: checking for ANSI C header files
configure:5293: gcc -c -g -O2  conftest.c >&5
configure:5300: $? = 0
configure:5399: gcc -o conftest -g -O2   conftest.c  >&5
configure:5403: $? = 0
configure:5409: ./conftest
configure:5413: $? = 0
configure:5431: result: yes
configure:5455: checking for sys/types.h
configure:5476: gcc -c -g -O2  conftest.c >&5
configure:5483: $? = 0
configure:5500: result: yes
configure:5455: checking for sys/stat.h
configure:5476: gcc -c -g -O2  conftest.c >&5
configure:5483: $? = 0
configure:5500: result: yes
configure:5455: checking for stdlib.h
configure:5476: gcc -c -g -O2  conftest.c >&5
configure:5483: $? = 0
configure:5500: result: yes
configure:5455: checking for string.h
configure:5476: gcc -c -g -O2  conftest.c >&5
configure:5483: $? = 0
configure:5500: result: yes
configure:5455: checking for memory.h
configure:5476: gcc -c -g -O2  conftest.c >&5
configure:5483: $? = 0
configure:5500: result: yes
configure:5455: checking for strings.h
configure:5476: gcc -c -g -O2  conftest.c >&5
configure:5483: $? = 0
configure:5500: result: yes
configure:5455: checking for inttypes.h
configure:5476: gcc -c -g -O2  conftest.c >&5
configure:5483: $? = 0
configure:5500: result: yes
configure:5455: checking for stdint.h
configure:5476: gcc -c -g -O2  conftest.c >&5
configure:5483: $? = 0
configure:5500: result: yes
configure:5455: checking for unistd.h
configure:5476: gcc -c -g -O2  conftest.c >&5
configure:5483: $? = 0
configure:5500: result: yes
configure:5535: checking float.h usability
configure:5552: gcc -c -g -O2  conftest.c >&5
configure:5559: $? = 0
configure:5573: result: yes
configure:5577: checking float.h presence
configure:5592: gcc -E  conftest.c
configure:5599: $? = 0
configure:5613: result: yes
configure:5641: checking for float.h
configure:5650: result: yes
configure:5535: checking limits.h usability
configure:5552: gcc -c -g -O2  conftest.c >&5
configure:5559: $? = 0
configure:5573: result: yes
configure:5577: checking limits.h presence
configure:5592: gcc -E  conftest.c
configure:5599: $? = 0
configure:5613: result: yes
configure:5641: checking for limits.h
configure:5650: result: yes
configure:5524: checking for stdlib.h
configure:5531: result: yes
configure:5524: checking for string.h
configure:5531: result: yes
configure:5524: checking for strings.h
configure:5531: result: yes
configure:5524: checking for unistd.h
configure:5531: result: yes
configure:5671: checking for strcasecmp
configure:5727: gcc -o conftest -g -O2   conftest.c  >&5
conftest.c:49: warning: conflicting types for built-in function 'strcasecmp'
configure:5734: $? = 0
configure:5756: result: yes
configure:5916: creating ./config.status

## ---------------- ##
## Cache variables. ##
## ---------------- ##

ac_cv_c_compiler_gnu=yes
ac_cv_env_CC_set=
ac_cv_env_CC_value=
ac_cv_env_CFLAGS_set=
ac_cv_env_CFLAGS_value=
ac_cv_env_CPPFLAGS_set=
ac_cv_env_CPPFLAGS_value=
ac_cv_env_CPP_set=
ac_cv_env_CPP_value=
ac_cv_env_LDFLAGS_set=
ac_cv_env_LDFLAGS_value=
ac_cv_env_LIBS_set=
ac_cv_env_LIBS_value=
ac_cv_env_XMKMF_set=
ac_cv_env_XMKMF_value=
ac_cv_env_build_alias_set=
ac_cv_env_build_alias_value=
ac_cv_env_host_alias_set=
ac_cv_env_host_alias_value=
ac_cv_env_target_alias_set=
ac_cv_env_target_alias_value=
ac_cv_func_connect=yes
ac_cv_func_gethostbyname=yes
ac_cv_func_remove=yes
ac_cv_func_shmat=yes
ac_cv_func_strcasecmp=yes
ac_cv_have_x='have_x=yes	ac_x_includes='\'''\''	ac_x_libraries='\'''\'''
ac_cv_header_float_h=yes
ac_cv_header_inttypes_h=yes
ac_cv_header_limits_h=yes
ac_cv_header_memory_h=yes
ac_cv_header_stdc=yes
ac_cv_header_stdint_h=yes
ac_cv_header_stdlib_h=yes
ac_cv_header_string_h=yes
ac_cv_header_strings_h=yes
ac_cv_header_sys_stat_h=yes
ac_cv_header_sys_types_h=yes
ac_cv_header_unistd_h=yes
ac_cv_lib_ICE_IceConnectionNumber=yes
ac_cv_objext=o
ac_cv_path_EGREP='/bin/grep -E'
ac_cv_path_GREP=/bin/grep
ac_cv_path_install='/usr/bin/install -c'
ac_cv_path_mkdir=/bin/mkdir
ac_cv_prog_AWK=gawk
ac_cv_prog_CPP='gcc -E'
ac_cv_prog_ac_ct_CC=gcc
ac_cv_prog_cc_c89=
ac_cv_prog_cc_g=yes
ac_cv_prog_make_make_set=yes
am_cv_CC_dependencies_compiler_type=gcc3

## ----------------- ##
## Output variables. ##
## ----------------- ##

ACLOCAL='aclocal-1.11'
ADDITIONAL_INCLUDES=''
ADDITIONAL_LIBS=''
AMDEPBACKSLASH='\'
AMDEP_FALSE='#'
AMDEP_TRUE=''
AMTAR='tar'
AUTOCONF='autoconf'
AUTOHEADER='autoheader'
AUTOMAKE='automake-1.11'
AWK='gawk'
CC='gcc'
CCDEPMODE='depmode=gcc3'
CFLAGS='-g -O2'
CPP='gcc -E'
CPPFLAGS=''
CYGPATH_W='echo'
DEFS='-DHAVE_CONFIG_H'
DEPDIR='.deps'
ECHO_C=''
ECHO_N='-n'
ECHO_T=''
EGREP='/bin/grep -E'
EXEEXT=''
GREP='/bin/grep'
INSTALL_DATA='${INSTALL} -m 644'
INSTALL_PROGRAM='${INSTALL}'
INSTALL_SCRIPT='${INSTALL}'
INSTALL_STRIP_PROGRAM='$(install_sh) -c -s'
LDFLAGS=''
LIBOBJS=''
LIBS=''
LTLIBOBJS=''
MAKEINFO='makeinfo'
MKDIR_P='/bin/mkdir -p'
OBJEXT='o'
PACKAGE='xgraph'
PACKAGE_BUGREPORT=''
PACKAGE_NAME=''
PACKAGE_STRING=''
PACKAGE_TARNAME=''
PACKAGE_VERSION=''
PATH_SEPARATOR=':'
SET_MAKE=''
SHELL='/bin/sh'
STRIP=''
VERSION='12.2'
XMKMF=''
X_CFLAGS=''
X_EXTRA_LIBS=''
X_LIBS=''
X_PRE_LIBS=' -lSM -lICE'
ac_ct_CC='gcc'
am__EXEEXT_FALSE=''
am__EXEEXT_TRUE='#'
am__fastdepCC_FALSE='#'
am__fastdepCC_TRUE=''
am__include='include'
am__isrc=''
am__leading_dot='.'
am__quote=''
am__tar='${AMTAR} chof - "$$tardir"'
am__untar='${AMTAR} xf -'
bindir='${exec_prefix}/bin'
build_alias=''
datadir='${datarootdir}'
datarootdir='${prefix}/share'
docdir='${datarootdir}/doc/${PACKAGE}'
dvidir='${docdir}'
exec_prefix='${prefix}'
host_alias=''
htmldir='${docdir}'
includedir='${prefix}/include'
infodir='${datarootdir}/info'
install_sh='${SHELL} /home/tomh/cvs/xgraph/install-sh'
libdir='${exec_prefix}/lib'
libexecdir='${exec_prefix}/libexec'
localedir='${datarootdir}/locale'
localstatedir='${prefix}/var'
mandir='${datarootdir}/man'
mkdir_p='/bin/mkdir -p'
oldincludedir='/usr/include'
pdfdir='${docdir}'
prefix='/usr/local'
program_transform_name='s,x,x,'
psdir='${docdir}'
sbindir='${exec_prefix}/sbin'
sharedstatedir='${prefix}/com'
sysconfdir='${prefix}/etc'
target_alias=''

## ----------- ##
## confdefs.h. ##
## ----------- ##

#define PACKAGE_NAME ""
#define PACKAGE_TARNAME ""
#define PACKAGE_VERSION ""
#define PACKAGE_STRING ""
#define PACKAGE_BUGREPORT ""
#define PACKAGE "xgraph"
#define VERSION "12.2"
#define STDC_HEADERS 1
#define HAVE_SYS_TYPES_H 1
#define HAVE_SYS_STAT_H 1
#define HAVE_STDLIB_H 1
#define HAVE_STRING_H 1
#define HAVE_MEMORY_H 1
#define HAVE_STRINGS_H 1
#define HAVE_INTTYPES_H 1
#define HAVE_STDINT_H 1
#define HAVE_UNISTD_H 1
#define HAVE_FLOAT_H 1
#define HAVE_LIMITS_H 1
#define HAVE_STDLIB_H 1
#define HAVE_STRING_H 1
#define HAVE_STRINGS_H 1
#define HAVE_UNISTD_H 1
#define HAVE_STRCASECMP 1

configure: exit 0

## ---------------------- ##
## Running config.status. ##
## ---------------------- ##

This file was extended by config.status, which was
generated by GNU Autoconf 2.63.  Invocation command line was

  CONFIG_FILES    = Makefile
  CONFIG_HEADERS  = 
  CONFIG_LINKS    = 
  CONFIG_COMMANDS = 
  $ ./config.status 

on ns-fedora-core-12

config.status:785: creating Makefile
config.status:1059: executing depfiles commands

## ---------------------- ##
## Running config.status. ##
## ---------------------- ##

This file was extended by config.status, which was
generated by GNU Autoconf 2.63.  Invocation command line was

  CONFIG_FILES    = 
  CONFIG_HEADERS  = 
  CONFIG_LINKS    = 
  CONFIG_COMMANDS = 
  $ ./config.status autoconf.h

on ns-fedora-core-12

config.status:785: creating autoconf.h
