1
2
3
4
0.016580 1.008851
0.010560 1.011948
-0.003669 1.013075
-0.025725 1.010481
-0.051853 1.002785
-0.074806 0.989739
-0.085239 0.972863
-0.074604 0.955644
-0.038796 0.943022
0.018829 0.940126
0.086593 0.950553
0.146737 0.974763
0.180523 1.009248
0.174645 1.046972
0.126519 1.079106
0.046203 1.097579
-0.046134 1.097587
-0.126475 1.079126
-0.174672 1.046997
-0.180700 1.009257
-0.147173 0.974717
-0.087390 0.950388
-0.019998 0.939761
0.037464 0.942389
0.073684 0.954746
0.085759 0.971862
0.078161 0.989050
0.059423 1.003126
0.038163 1.012819
0.019951 1.018392
0.006020 1.020800
-0.006020 1.020800
-0.019951 1.018392
-0.038163 1.012819
-0.059423 1.003126
-0.078161 0.989050
-0.085759 0.971862
-0.073684 0.954746
-0.037464 0.942389
0.019998 0.939761
0.087390 0.950388
0.147173 0.974717
0.180700 1.009257
0.174672 1.046997
0.126475 1.079126
0.046134 1.097587
-0.046203 1.097579
-0.126519 1.079106
-0.174645 1.046972
-0.180523 1.009248
-0.146737 0.974763
-0.086593 0.950553
-0.018829 0.940126
0.038796 0.943022
0.074604 0.955644
0.085239 0.972863
0.074806 0.989739
0.051853 1.002785
0.025725 1.010481
0.003669 1.013075
-0.010560 1.011948
-0.016580 1.008851
6.100000 0.180700 -6.100000 -0.180700
-0.000387 0.999936
-0.000265 0.999869
-0.000162 0.999830
-0.000166 0.999804
-0.000257 0.999763
-0.000203 0.999702
0.000332 0.999682
0.001769 0.999835
0.004537 1.000389
0.008690 1.001649
0.013475 1.003865
0.017100 1.007039
0.017082 1.010705
0.011145 1.013872
-0.002133 1.015163
-0.022781 1.013019
-0.047571 1.006051
-0.068319 0.993990
-0.075098 0.978723
-0.062139 0.963951
-0.029688 0.953868
0.015848 0.952076
0.060751 0.960207
0.088667 0.976376
0.092274 0.995674
0.078251 1.013286
0.058412 1.026974
0.039657 1.036651
0.023845 1.042837
0.011768 1.046189
0.003388 1.047545
-0.003388 1.047545
-0.011768 1.046189
-0.023845 1.042837
-0.039657 1.036651
-0.058412 1.026974
-0.078251 1.013286
-0.092274 0.995674
-0.088667 0.976376
-0.060751 0.960207
-0.015848 0.952076
0.029688 0.953868
0.062139 0.963951
0.075098 0.978723
0.068319 0.993990
0.047571 1.006051
0.022781 1.013019
0.002133 1.015163
-0.011145 1.013872
-0.017082 1.010705
-0.017100 1.007039
-0.013475 1.003865
-0.008690 1.001649
-0.004537 1.000389
-0.001769 0.999835
-0.000332 0.999682
0.000203 0.999702
0.000257 0.999763
0.000166 0.999804
0.000162 0.999830
0.000265 0.999869
0.000387 0.999936
6.100000 0.180700 -6.100000 -0.180700
0.000590 0.999407
0.001900 0.999603
0.004308 1.000167
0.007706 1.001326
0.011585 1.003250
0.014872 1.005960
0.015969 1.009199
0.013082 1.012348
0.004573 1.014431
-0.010585 1.014177
-0.031658 1.010197
-0.054279 1.001514
-0.070785 0.988486
-0.074196 0.973200
-0.060651 0.958807
-0.027220 0.948940
0.027417 0.947919
0.094943 0.959906
0.155117 0.985896
0.187836 1.021953
0.182433 1.061031
0.135432 1.094926
0.054161 1.115204
-0.036875 1.116591
-0.112800 1.100454
-0.168289 1.071471
-0.204701 1.033138
-0.208534 0.989590
-0.166651 0.949725
-0.097282 0.922930
-0.030295 0.910812
0.030295 0.910812
0.097282 0.922930
0.166651 0.949725
0.208534 0.989590
0.204701 1.033138
0.168289 1.071471
0.112800 1.100454
0.036875 1.116591
-0.054161 1.115204
-0.135432 1.094926
-0.182433 1.061031
-0.187836 1.021953
-0.155117 0.985896
-0.094943 0.959906
-0.027417 0.947919
0.027220 0.948940
0.060651 0.958807
0.074196 0.973200
0.070785 0.988486
0.054279 1.001514
0.031658 1.010197
0.010585 1.014177
-0.004573 1.014431
-0.013082 1.012348
-0.015969 1.009199
-0.014872 1.005960
-0.011585 1.003250
-0.007706 1.001326
-0.004308 1.000167
-0.001900 0.999603
-0.000590 0.999407
6.100000 0.208534 -6.100000 -0.208534
1
2
3
4
