This file contains any messages produced by compilers while
running configure, to aid debugging if configure makes a mistake.

It was created by tcl configure 8.5, which was
generated by GNU Autoconf 2.69.  Invocation command line was

  $ ./configure --enable-gcc --disable-shared --prefix=/home/yeaseen/ns-allinone-2.35

## --------- ##
## Platform. ##
## --------- ##

hostname = yeaseen-GL552JX
uname -m = x86_64
uname -r = 4.4.0-116-generic
uname -s = Linux
uname -v = #140-Ubuntu SMP Mon Feb 12 21:23:04 UTC 2018

/usr/bin/uname -p = unknown
/bin/uname -X     = unknown

/bin/arch              = unknown
/usr/bin/arch -k       = unknown
/usr/convex/getsysinfo = unknown
/usr/bin/hostinfo      = unknown
/bin/machine           = unknown
/usr/bin/oslevel       = unknown
/bin/universe          = unknown

PATH: /home/yeaseen/ns-allinone-2.35/bin
PATH: /home/yeaseen/bin
PATH: /usr/local/sbin
PATH: /usr/local/bin
PATH: /usr/sbin
PATH: /usr/bin
PATH: /sbin
PATH: /bin
PATH: /usr/games
PATH: /usr/local/games
PATH: /snap/bin


## ----------- ##
## Core tests. ##
## ----------- ##

configure:2355: checking whether to use symlinks for manpages
configure:2364: result: no
configure:2367: checking whether to compress the manpages
configure:2380: result: no
configure:2394: checking whether to add a package name suffix for the manpages
configure:2407: result: no
configure:2471: checking for gcc
configure:2487: found /usr/bin/gcc
configure:2498: result: gcc
configure:2727: checking for C compiler version
configure:2736: gcc --version >&5
gcc (Ubuntu 5.4.0-6ubuntu1~16.04.9) 5.4.0 20160609
Copyright (C) 2015 Free Software Foundation, Inc.
This is free software; see the source for copying conditions.  There is NO
warranty; not even for MERCHANTABILITY or FITNESS FOR A PARTICULAR PURPOSE.

configure:2747: $? = 0
configure:2736: gcc -v >&5
Using built-in specs.
COLLECT_GCC=gcc
COLLECT_LTO_WRAPPER=/usr/lib/gcc/x86_64-linux-gnu/5/lto-wrapper
Target: x86_64-linux-gnu
Configured with: ../src/configure -v --with-pkgversion='Ubuntu 5.4.0-6ubuntu1~16.04.9' --with-bugurl=file:///usr/share/doc/gcc-5/README.Bugs --enable-languages=c,ada,c++,java,go,d,fortran,objc,obj-c++ --prefix=/usr --program-suffix=-5 --enable-shared --enable-linker-build-id --libexecdir=/usr/lib --without-included-gettext --enable-threads=posix --libdir=/usr/lib --enable-nls --with-sysroot=/ --enable-clocale=gnu --enable-libstdcxx-debug --enable-libstdcxx-time=yes --with-default-libstdcxx-abi=new --enable-gnu-unique-object --disable-vtable-verify --enable-libmpx --enable-plugin --with-system-zlib --disable-browser-plugin --enable-java-awt=gtk --enable-gtk-cairo --with-java-home=/usr/lib/jvm/java-1.5.0-gcj-5-amd64/jre --enable-java-home --with-jvm-root-dir=/usr/lib/jvm/java-1.5.0-gcj-5-amd64 --with-jvm-jar-dir=/usr/lib/jvm-exports/java-1.5.0-gcj-5-amd64 --with-arch-directory=amd64 --with-ecj-jar=/usr/share/java/eclipse-ecj.jar --enable-objc-gc --enable-multiarch --disable-werror --with-arch-32=i686 --with-abi=m64 --with-multilib-list=m32,m64,mx32 --enable-multilib --with-tune=generic --enable-checking=release --build=x86_64-linux-gnu --host=x86_64-linux-gnu --target=x86_64-linux-gnu
Thread model: posix
gcc version 5.4.0 20160609 (Ubuntu 5.4.0-6ubuntu1~16.04.9) 
configure:2747: $? = 0
configure:2736: gcc -V >&5
gcc: error: unrecognized command line option '-V'
gcc: fatal error: no input files
compilation terminated.
configure:2747: $? = 1
configure:2736: gcc -qversion >&5
gcc: error: unrecognized command line option '-qversion'
gcc: fatal error: no input files
compilation terminated.
configure:2747: $? = 1
configure:2767: checking whether the C compiler works
configure:2789: gcc    conftest.c  >&5
configure:2793: $? = 0
configure:2841: result: yes
configure:2844: checking for C compiler default output file name
configure:2846: result: a.out
configure:2852: checking for suffix of executables
configure:2859: gcc -o conftest    conftest.c  >&5
configure:2863: $? = 0
configure:2885: result: 
configure:2907: checking whether we are cross compiling
configure:2915: gcc -o conftest    conftest.c  >&5
configure:2919: $? = 0
configure:2926: ./conftest
configure:2930: $? = 0
configure:2945: result: no
configure:2950: checking for suffix of object files
configure:2972: gcc -c   conftest.c >&5
configure:2976: $? = 0
configure:2997: result: o
configure:3001: checking whether we are using the GNU C compiler
configure:3020: gcc -c   conftest.c >&5
configure:3020: $? = 0
configure:3029: result: yes
configure:3038: checking whether gcc accepts -g
configure:3058: gcc -c -g  conftest.c >&5
configure:3058: $? = 0
configure:3099: result: yes
configure:3116: checking for gcc option to accept ISO C89
configure:3179: gcc  -c   conftest.c >&5
configure:3179: $? = 0
configure:3192: result: none needed
configure:3213: checking for inline
configure:3229: gcc -c   conftest.c >&5
configure:3229: $? = 0
configure:3237: result: inline
configure:3270: checking how to run the C preprocessor
configure:3301: gcc -E  conftest.c
configure:3301: $? = 0
configure:3315: gcc -E  conftest.c
conftest.c:9:28: fatal error: ac_nonexistent.h: No such file or directory
compilation terminated.
configure:3315: $? = 1
configure: failed program was:
| /* confdefs.h */
| #define PACKAGE_NAME "tcl"
| #define PACKAGE_TARNAME "tcl"
| #define PACKAGE_VERSION "8.5"
| #define PACKAGE_STRING "tcl 8.5"
| #define PACKAGE_BUGREPORT ""
| #define PACKAGE_URL ""
| /* end confdefs.h.  */
| #include <ac_nonexistent.h>
configure:3340: result: gcc -E
configure:3360: gcc -E  conftest.c
configure:3360: $? = 0
configure:3374: gcc -E  conftest.c
conftest.c:9:28: fatal error: ac_nonexistent.h: No such file or directory
compilation terminated.
configure:3374: $? = 1
configure: failed program was:
| /* confdefs.h */
| #define PACKAGE_NAME "tcl"
| #define PACKAGE_TARNAME "tcl"
| #define PACKAGE_VERSION "8.5"
| #define PACKAGE_STRING "tcl 8.5"
| #define PACKAGE_BUGREPORT ""
| #define PACKAGE_URL ""
| /* end confdefs.h.  */
| #include <ac_nonexistent.h>
configure:3403: checking for grep that handles long lines and -e
configure:3461: result: /bin/grep
configure:3466: checking for egrep
configure:3528: result: /bin/grep -E
configure:3533: checking for ANSI C header files
configure:3553: gcc -c   conftest.c >&5
configure:3553: $? = 0
configure:3626: gcc -o conftest    conftest.c  >&5
configure:3626: $? = 0
configure:3626: ./conftest
configure:3626: $? = 0
configure:3637: result: yes
configure:3650: checking for sys/types.h
configure:3650: gcc -c   conftest.c >&5
configure:3650: $? = 0
configure:3650: result: yes
configure:3650: checking for sys/stat.h
configure:3650: gcc -c   conftest.c >&5
configure:3650: $? = 0
configure:3650: result: yes
configure:3650: checking for stdlib.h
configure:3650: gcc -c   conftest.c >&5
configure:3650: $? = 0
configure:3650: result: yes
configure:3650: checking for string.h
configure:3650: gcc -c   conftest.c >&5
configure:3650: $? = 0
configure:3650: result: yes
configure:3650: checking for memory.h
configure:3650: gcc -c   conftest.c >&5
configure:3650: $? = 0
configure:3650: result: yes
configure:3650: checking for strings.h
configure:3650: gcc -c   conftest.c >&5
configure:3650: $? = 0
configure:3650: result: yes
configure:3650: checking for inttypes.h
configure:3650: gcc -c   conftest.c >&5
configure:3650: $? = 0
configure:3650: result: yes
configure:3650: checking for stdint.h
configure:3650: gcc -c   conftest.c >&5
configure:3650: $? = 0
configure:3650: result: yes
configure:3650: checking for unistd.h
configure:3650: gcc -c   conftest.c >&5
configure:3650: $? = 0
configure:3650: result: yes
configure:3663: checking dirent.h
configure:3699: gcc -o conftest    conftest.c  >&5
configure:3699: $? = 0
configure:3707: result: yes
configure:3716: checking float.h usability
configure:3716: gcc -c   conftest.c >&5
configure:3716: $? = 0
configure:3716: result: yes
configure:3716: checking float.h presence
configure:3716: gcc -E  conftest.c
configure:3716: $? = 0
configure:3716: result: yes
configure:3716: checking for float.h
configure:3716: result: yes
configure:3726: checking values.h usability
configure:3726: gcc -c   conftest.c >&5
configure:3726: $? = 0
configure:3726: result: yes
configure:3726: checking values.h presence
configure:3726: gcc -E  conftest.c
configure:3726: $? = 0
configure:3726: result: yes
configure:3726: checking for values.h
configure:3726: result: yes
configure:3736: checking limits.h usability
configure:3736: gcc -c   conftest.c >&5
configure:3736: $? = 0
configure:3736: result: yes
configure:3736: checking limits.h presence
configure:3736: gcc -E  conftest.c
configure:3736: $? = 0
configure:3736: result: yes
configure:3736: checking for limits.h
configure:3736: result: yes
configure:3748: checking for stdlib.h
configure:3748: result: yes
configure:3800: checking for string.h
configure:3800: result: yes
configure:3844: checking sys/wait.h usability
configure:3844: gcc -c   conftest.c >&5
configure:3844: $? = 0
configure:3844: result: yes
configure:3844: checking sys/wait.h presence
configure:3844: gcc -E  conftest.c
configure:3844: $? = 0
configure:3844: result: yes
configure:3844: checking for sys/wait.h
configure:3844: result: yes
configure:3854: checking dlfcn.h usability
configure:3854: gcc -c   conftest.c >&5
configure:3854: $? = 0
configure:3854: result: yes
configure:3854: checking dlfcn.h presence
configure:3854: gcc -E  conftest.c
configure:3854: $? = 0
configure:3854: result: yes
configure:3854: checking for dlfcn.h
configure:3854: result: yes
configure:3868: checking sys/param.h usability
configure:3868: gcc -c   conftest.c >&5
configure:3868: $? = 0
configure:3868: result: yes
configure:3868: checking sys/param.h presence
configure:3868: gcc -E  conftest.c
configure:3868: $? = 0
configure:3868: result: yes
configure:3868: checking for sys/param.h
configure:3868: result: yes
configure:3886: checking if the compiler understands -pipe
configure:3904: gcc -c  -pipe  conftest.c >&5
configure:3904: $? = 0
configure:3912: result: yes
configure:4307: checking for building with threads
configure:4321: result: no (default)
configure:4365: checking for sin
configure:4365: gcc -o conftest  -pipe   conftest.c  >&5
conftest.c:45:6: warning: conflicting types for built-in function 'sin'
 char sin ();
      ^
/tmp/cc76fjvT.o: In function `main':
conftest.c:(.text+0xa): undefined reference to `sin'
collect2: error: ld returned 1 exit status
configure:4365: $? = 1
configure: failed program was:
| /* confdefs.h */
| #define PACKAGE_NAME "tcl"
| #define PACKAGE_TARNAME "tcl"
| #define PACKAGE_VERSION "8.5"
| #define PACKAGE_STRING "tcl 8.5"
| #define PACKAGE_BUGREPORT ""
| #define PACKAGE_URL ""
| #define STDC_HEADERS 1
| #define HAVE_SYS_TYPES_H 1
| #define HAVE_SYS_STAT_H 1
| #define HAVE_STDLIB_H 1
| #define HAVE_STRING_H 1
| #define HAVE_MEMORY_H 1
| #define HAVE_STRINGS_H 1
| #define HAVE_INTTYPES_H 1
| #define HAVE_STDINT_H 1
| #define HAVE_UNISTD_H 1
| #define HAVE_LIMITS_H 1
| #define HAVE_SYS_PARAM_H 1
| #define TCL_CFGVAL_ENCODING "iso8859-1"
| /* end confdefs.h.  */
| /* Define sin to an innocuous variant, in case <limits.h> declares sin.
|    For example, HP-UX 11i <limits.h> declares gettimeofday.  */
| #define sin innocuous_sin
| 
| /* System header to define __stub macros and hopefully few prototypes,
|     which can conflict with char sin (); below.
|     Prefer <limits.h> to <assert.h> if __STDC__ is defined, since
|     <limits.h> exists even on freestanding compilers.  */
| 
| #ifdef __STDC__
| # include <limits.h>
| #else
| # include <assert.h>
| #endif
| 
| #undef sin
| 
| /* Override any GCC internal prototype to avoid an error.
|    Use char because int might match the return type of a GCC
|    builtin and then its argument prototype would still apply.  */
| #ifdef __cplusplus
| extern "C"
| #endif
| char sin ();
| /* The GNU C library defines this for functions which it implements
|     to always fail with ENOSYS.  Some functions are actually named
|     something starting with __ and the normal name is an alias.  */
| #if defined __stub_sin || defined __stub___sin
| choke me
| #endif
| 
| int
| main ()
| {
| return sin ();
|   ;
|   return 0;
| }
configure:4365: result: no
configure:4372: checking for main in -lieee
configure:4391: gcc -o conftest  -pipe   conftest.c -lieee   >&5
configure:4391: $? = 0
configure:4400: result: yes
configure:4412: checking for main in -linet
configure:4431: gcc -o conftest  -pipe   conftest.c -linet   >&5
/usr/bin/ld: cannot find -linet
collect2: error: ld returned 1 exit status
configure:4431: $? = 1
configure: failed program was:
| /* confdefs.h */
| #define PACKAGE_NAME "tcl"
| #define PACKAGE_TARNAME "tcl"
| #define PACKAGE_VERSION "8.5"
| #define PACKAGE_STRING "tcl 8.5"
| #define PACKAGE_BUGREPORT ""
| #define PACKAGE_URL ""
| #define STDC_HEADERS 1
| #define HAVE_SYS_TYPES_H 1
| #define HAVE_SYS_STAT_H 1
| #define HAVE_STDLIB_H 1
| #define HAVE_STRING_H 1
| #define HAVE_MEMORY_H 1
| #define HAVE_STRINGS_H 1
| #define HAVE_INTTYPES_H 1
| #define HAVE_STDINT_H 1
| #define HAVE_UNISTD_H 1
| #define HAVE_LIMITS_H 1
| #define HAVE_SYS_PARAM_H 1
| #define TCL_CFGVAL_ENCODING "iso8859-1"
| /* end confdefs.h.  */
| 
| 
| int
| main ()
| {
| return main ();
|   ;
|   return 0;
| }
configure:4440: result: no
configure:4446: checking net/errno.h usability
configure:4446: gcc -c  -pipe  conftest.c >&5
conftest.c:55:23: fatal error: net/errno.h: No such file or directory
compilation terminated.
configure:4446: $? = 1
configure: failed program was:
| /* confdefs.h */
| #define PACKAGE_NAME "tcl"
| #define PACKAGE_TARNAME "tcl"
| #define PACKAGE_VERSION "8.5"
| #define PACKAGE_STRING "tcl 8.5"
| #define PACKAGE_BUGREPORT ""
| #define PACKAGE_URL ""
| #define STDC_HEADERS 1
| #define HAVE_SYS_TYPES_H 1
| #define HAVE_SYS_STAT_H 1
| #define HAVE_STDLIB_H 1
| #define HAVE_STRING_H 1
| #define HAVE_MEMORY_H 1
| #define HAVE_STRINGS_H 1
| #define HAVE_INTTYPES_H 1
| #define HAVE_STDINT_H 1
| #define HAVE_UNISTD_H 1
| #define HAVE_LIMITS_H 1
| #define HAVE_SYS_PARAM_H 1
| #define TCL_CFGVAL_ENCODING "iso8859-1"
| /* end confdefs.h.  */
| #include <stdio.h>
| #ifdef HAVE_SYS_TYPES_H
| # include <sys/types.h>
| #endif
| #ifdef HAVE_SYS_STAT_H
| # include <sys/stat.h>
| #endif
| #ifdef STDC_HEADERS
| # include <stdlib.h>
| # include <stddef.h>
| #else
| # ifdef HAVE_STDLIB_H
| #  include <stdlib.h>
| # endif
| #endif
| #ifdef HAVE_STRING_H
| # if !defined STDC_HEADERS && defined HAVE_MEMORY_H
| #  include <memory.h>
| # endif
| # include <string.h>
| #endif
| #ifdef HAVE_STRINGS_H
| # include <strings.h>
| #endif
| #ifdef HAVE_INTTYPES_H
| # include <inttypes.h>
| #endif
| #ifdef HAVE_STDINT_H
| # include <stdint.h>
| #endif
| #ifdef HAVE_UNISTD_H
| # include <unistd.h>
| #endif
| #include <net/errno.h>
configure:4446: result: no
configure:4446: checking net/errno.h presence
configure:4446: gcc -E  conftest.c
conftest.c:22:23: fatal error: net/errno.h: No such file or directory
compilation terminated.
configure:4446: $? = 1
configure: failed program was:
| /* confdefs.h */
| #define PACKAGE_NAME "tcl"
| #define PACKAGE_TARNAME "tcl"
| #define PACKAGE_VERSION "8.5"
| #define PACKAGE_STRING "tcl 8.5"
| #define PACKAGE_BUGREPORT ""
| #define PACKAGE_URL ""
| #define STDC_HEADERS 1
| #define HAVE_SYS_TYPES_H 1
| #define HAVE_SYS_STAT_H 1
| #define HAVE_STDLIB_H 1
| #define HAVE_STRING_H 1
| #define HAVE_MEMORY_H 1
| #define HAVE_STRINGS_H 1
| #define HAVE_INTTYPES_H 1
| #define HAVE_STDINT_H 1
| #define HAVE_UNISTD_H 1
| #define HAVE_LIMITS_H 1
| #define HAVE_SYS_PARAM_H 1
| #define TCL_CFGVAL_ENCODING "iso8859-1"
| /* end confdefs.h.  */
| #include <net/errno.h>
configure:4446: result: no
configure:4446: checking for net/errno.h
configure:4446: result: no
configure:4475: checking for connect
configure:4475: gcc -o conftest  -pipe   conftest.c  >&5
configure:4475: $? = 0
configure:4475: result: yes
configure:4543: checking for gethostbyname
configure:4543: gcc -o conftest  -pipe   conftest.c  >&5
configure:4543: $? = 0
configure:4543: result: yes
configure:4595: checking how to build libraries
configure:4617: result: static
configure:4675: checking for ranlib
configure:4691: found /usr/bin/ranlib
configure:4702: result: ranlib
configure:4728: checking if 64bit support is requested
configure:4737: result: no
configure:4742: checking if 64bit Sparc VIS support is requested
configure:4751: result: no
configure:4761: checking if compiler supports visibility "hidden"
configure:4781: gcc -o conftest  -pipe -Werror   conftest.c  >&5
configure:4781: $? = 0
configure:4790: result: yes
configure:4802: checking if rpath support is requested
configure:4811: result: yes
configure:4818: checking system version
configure:4846: result: Linux-4.4.0-116-generic
configure:4854: checking for dlopen in -ldl
configure:4879: gcc -o conftest  -pipe   conftest.c -ldl   >&5
configure:4879: $? = 0
configure:4888: result: yes
configure:4970: checking for ar
configure:4986: found /usr/bin/ar
configure:4997: result: ar
configure:6692: checking for build with symbols
configure:6706: result: no
configure:6764: checking for required early compiler flags
configure:6782: gcc -c  -pipe  conftest.c >&5
configure:6782: $? = 0
configure:6829: gcc -c  -pipe  conftest.c >&5
conftest.c: In function 'main':
conftest.c:33:15: error: storage size of 'buf' isn't known
 struct stat64 buf; int i = stat64("/", &buf);
               ^
conftest.c:33:28: warning: implicit declaration of function 'stat64' [-Wimplicit-function-declaration]
 struct stat64 buf; int i = stat64("/", &buf);
                            ^
configure:6829: $? = 1
configure: failed program was:
| /* confdefs.h */
| #define PACKAGE_NAME "tcl"
| #define PACKAGE_TARNAME "tcl"
| #define PACKAGE_VERSION "8.5"
| #define PACKAGE_STRING "tcl 8.5"
| #define PACKAGE_BUGREPORT ""
| #define PACKAGE_URL ""
| #define STDC_HEADERS 1
| #define HAVE_SYS_TYPES_H 1
| #define HAVE_SYS_STAT_H 1
| #define HAVE_STDLIB_H 1
| #define HAVE_STRING_H 1
| #define HAVE_MEMORY_H 1
| #define HAVE_STRINGS_H 1
| #define HAVE_INTTYPES_H 1
| #define HAVE_STDINT_H 1
| #define HAVE_UNISTD_H 1
| #define HAVE_LIMITS_H 1
| #define HAVE_SYS_PARAM_H 1
| #define TCL_CFGVAL_ENCODING "iso8859-1"
| #define STATIC_BUILD 1
| #define MODULE_SCOPE extern __attribute__((__visibility__("hidden")))
| #define TCL_SHLIB_EXT ".so"
| #define TCL_CFG_OPTIMIZED 1
| #define TCL_CFG_DEBUG 1
| #define TCL_TOMMATH 1
| #define MP_PREC 4
| /* end confdefs.h.  */
| #include <sys/stat.h>
| int
| main ()
| {
| struct stat64 buf; int i = stat64("/", &buf);
|   ;
|   return 0;
| }
configure:6844: gcc -c  -pipe  conftest.c >&5
configure:6844: $? = 0
configure:6876: gcc -c  -pipe  conftest.c >&5
conftest.c: In function 'main':
conftest.c:34:19: error: 'open64' undeclared (first use in this function)
 char *p = (char *)open64;
                   ^
conftest.c:34:19: note: each undeclared identifier is reported only once for each function it appears in
configure:6876: $? = 1
configure: failed program was:
| /* confdefs.h */
| #define PACKAGE_NAME "tcl"
| #define PACKAGE_TARNAME "tcl"
| #define PACKAGE_VERSION "8.5"
| #define PACKAGE_STRING "tcl 8.5"
| #define PACKAGE_BUGREPORT ""
| #define PACKAGE_URL ""
| #define STDC_HEADERS 1
| #define HAVE_SYS_TYPES_H 1
| #define HAVE_SYS_STAT_H 1
| #define HAVE_STDLIB_H 1
| #define HAVE_STRING_H 1
| #define HAVE_MEMORY_H 1
| #define HAVE_STRINGS_H 1
| #define HAVE_INTTYPES_H 1
| #define HAVE_STDINT_H 1
| #define HAVE_UNISTD_H 1
| #define HAVE_LIMITS_H 1
| #define HAVE_SYS_PARAM_H 1
| #define TCL_CFGVAL_ENCODING "iso8859-1"
| #define STATIC_BUILD 1
| #define MODULE_SCOPE extern __attribute__((__visibility__("hidden")))
| #define TCL_SHLIB_EXT ".so"
| #define TCL_CFG_OPTIMIZED 1
| #define TCL_CFG_DEBUG 1
| #define TCL_TOMMATH 1
| #define MP_PREC 4
| #define _LARGEFILE64_SOURCE 1
| /* end confdefs.h.  */
| #include <sys/stat.h>
| int
| main ()
| {
| char *p = (char *)open64;
|   ;
|   return 0;
| }
configure:6891: gcc -c  -pipe  conftest.c >&5
conftest.c: In function 'main':
conftest.c:35:19: error: 'open64' undeclared (first use in this function)
 char *p = (char *)open64;
                   ^
conftest.c:35:19: note: each undeclared identifier is reported only once for each function it appears in
configure:6891: $? = 1
configure: failed program was:
| /* confdefs.h */
| #define PACKAGE_NAME "tcl"
| #define PACKAGE_TARNAME "tcl"
| #define PACKAGE_VERSION "8.5"
| #define PACKAGE_STRING "tcl 8.5"
| #define PACKAGE_BUGREPORT ""
| #define PACKAGE_URL ""
| #define STDC_HEADERS 1
| #define HAVE_SYS_TYPES_H 1
| #define HAVE_SYS_STAT_H 1
| #define HAVE_STDLIB_H 1
| #define HAVE_STRING_H 1
| #define HAVE_MEMORY_H 1
| #define HAVE_STRINGS_H 1
| #define HAVE_INTTYPES_H 1
| #define HAVE_STDINT_H 1
| #define HAVE_UNISTD_H 1
| #define HAVE_LIMITS_H 1
| #define HAVE_SYS_PARAM_H 1
| #define TCL_CFGVAL_ENCODING "iso8859-1"
| #define STATIC_BUILD 1
| #define MODULE_SCOPE extern __attribute__((__visibility__("hidden")))
| #define TCL_SHLIB_EXT ".so"
| #define TCL_CFG_OPTIMIZED 1
| #define TCL_CFG_DEBUG 1
| #define TCL_TOMMATH 1
| #define MP_PREC 4
| #define _LARGEFILE64_SOURCE 1
| /* end confdefs.h.  */
| #define _LARGEFILE_SOURCE64 1
| #include <sys/stat.h>
| int
| main ()
| {
| char *p = (char *)open64;
|   ;
|   return 0;
| }
configure:6912: result:  _LARGEFILE64_SOURCE
configure:6918: checking for 64-bit integer type
configure:6937: gcc -c  -pipe  conftest.c >&5
conftest.c: In function 'main':
conftest.c:34:1: error: unknown type name '__int64'
 __int64 value = (__int64) 0;
 ^
conftest.c:34:18: error: '__int64' undeclared (first use in this function)
 __int64 value = (__int64) 0;
                  ^
conftest.c:34:18: note: each undeclared identifier is reported only once for each function it appears in
conftest.c:34:27: error: expected ',' or ';' before numeric constant
 __int64 value = (__int64) 0;
                           ^
configure:6937: $? = 1
configure: failed program was:
| /* confdefs.h */
| #define PACKAGE_NAME "tcl"
| #define PACKAGE_TARNAME "tcl"
| #define PACKAGE_VERSION "8.5"
| #define PACKAGE_STRING "tcl 8.5"
| #define PACKAGE_BUGREPORT ""
| #define PACKAGE_URL ""
| #define STDC_HEADERS 1
| #define HAVE_SYS_TYPES_H 1
| #define HAVE_SYS_STAT_H 1
| #define HAVE_STDLIB_H 1
| #define HAVE_STRING_H 1
| #define HAVE_MEMORY_H 1
| #define HAVE_STRINGS_H 1
| #define HAVE_INTTYPES_H 1
| #define HAVE_STDINT_H 1
| #define HAVE_UNISTD_H 1
| #define HAVE_LIMITS_H 1
| #define HAVE_SYS_PARAM_H 1
| #define TCL_CFGVAL_ENCODING "iso8859-1"
| #define STATIC_BUILD 1
| #define MODULE_SCOPE extern __attribute__((__visibility__("hidden")))
| #define TCL_SHLIB_EXT ".so"
| #define TCL_CFG_OPTIMIZED 1
| #define TCL_CFG_DEBUG 1
| #define TCL_TOMMATH 1
| #define MP_PREC 4
| #define _LARGEFILE64_SOURCE 1
| /* end confdefs.h.  */
| 
| int
| main ()
| {
| __int64 value = (__int64) 0;
|   ;
|   return 0;
| }
configure:6959: gcc -c  -pipe  conftest.c >&5
conftest.c: In function 'main':
conftest.c:35:21: error: duplicate case value
             case 1: case (sizeof(long long)==sizeof(long)): ;
                     ^
conftest.c:35:13: error: previously used here
             case 1: case (sizeof(long long)==sizeof(long)): ;
             ^
configure:6959: $? = 1
configure: failed program was:
| /* confdefs.h */
| #define PACKAGE_NAME "tcl"
| #define PACKAGE_TARNAME "tcl"
| #define PACKAGE_VERSION "8.5"
| #define PACKAGE_STRING "tcl 8.5"
| #define PACKAGE_BUGREPORT ""
| #define PACKAGE_URL ""
| #define STDC_HEADERS 1
| #define HAVE_SYS_TYPES_H 1
| #define HAVE_SYS_STAT_H 1
| #define HAVE_STDLIB_H 1
| #define HAVE_STRING_H 1
| #define HAVE_MEMORY_H 1
| #define HAVE_STRINGS_H 1
| #define HAVE_INTTYPES_H 1
| #define HAVE_STDINT_H 1
| #define HAVE_UNISTD_H 1
| #define HAVE_LIMITS_H 1
| #define HAVE_SYS_PARAM_H 1
| #define TCL_CFGVAL_ENCODING "iso8859-1"
| #define STATIC_BUILD 1
| #define MODULE_SCOPE extern __attribute__((__visibility__("hidden")))
| #define TCL_SHLIB_EXT ".so"
| #define TCL_CFG_OPTIMIZED 1
| #define TCL_CFG_DEBUG 1
| #define TCL_TOMMATH 1
| #define MP_PREC 4
| #define _LARGEFILE64_SOURCE 1
| /* end confdefs.h.  */
| 
| int
| main ()
| {
| switch (0) {
|             case 1: case (sizeof(long long)==sizeof(long)): ;
|         }
|   ;
|   return 0;
| }
configure:6969: result: using long
configure:7105: checking whether byte ordering is bigendian
configure:7120: gcc -c  -pipe  conftest.c >&5
conftest.c:32:9: error: unknown type name 'not'
         not a universal capable compiler
         ^
conftest.c:32:15: error: expected '=', ',', ';', 'asm' or '__attribute__' before 'universal'
         not a universal capable compiler
               ^
conftest.c:32:15: error: unknown type name 'universal'
configure:7120: $? = 1
configure: failed program was:
| /* confdefs.h */
| #define PACKAGE_NAME "tcl"
| #define PACKAGE_TARNAME "tcl"
| #define PACKAGE_VERSION "8.5"
| #define PACKAGE_STRING "tcl 8.5"
| #define PACKAGE_BUGREPORT ""
| #define PACKAGE_URL ""
| #define STDC_HEADERS 1
| #define HAVE_SYS_TYPES_H 1
| #define HAVE_SYS_STAT_H 1
| #define HAVE_STDLIB_H 1
| #define HAVE_STRING_H 1
| #define HAVE_MEMORY_H 1
| #define HAVE_STRINGS_H 1
| #define HAVE_INTTYPES_H 1
| #define HAVE_STDINT_H 1
| #define HAVE_UNISTD_H 1
| #define HAVE_LIMITS_H 1
| #define HAVE_SYS_PARAM_H 1
| #define TCL_CFGVAL_ENCODING "iso8859-1"
| #define STATIC_BUILD 1
| #define MODULE_SCOPE extern __attribute__((__visibility__("hidden")))
| #define TCL_SHLIB_EXT ".so"
| #define TCL_CFG_OPTIMIZED 1
| #define TCL_CFG_DEBUG 1
| #define TCL_TOMMATH 1
| #define MP_PREC 4
| #define _LARGEFILE64_SOURCE 1
| #define TCL_WIDE_INT_IS_LONG 1
| /* end confdefs.h.  */
| #ifndef __APPLE_CC__
| 	       not a universal capable compiler
| 	     #endif
| 	     typedef int dummy;
| 
configure:7165: gcc -c  -pipe  conftest.c >&5
configure:7165: $? = 0
configure:7183: gcc -c  -pipe  conftest.c >&5
conftest.c: In function 'main':
conftest.c:38:4: error: unknown type name 'not'
    not big endian
    ^
conftest.c:38:12: error: expected '=', ',', ';', 'asm' or '__attribute__' before 'endian'
    not big endian
            ^
configure:7183: $? = 1
configure: failed program was:
| /* confdefs.h */
| #define PACKAGE_NAME "tcl"
| #define PACKAGE_TARNAME "tcl"
| #define PACKAGE_VERSION "8.5"
| #define PACKAGE_STRING "tcl 8.5"
| #define PACKAGE_BUGREPORT ""
| #define PACKAGE_URL ""
| #define STDC_HEADERS 1
| #define HAVE_SYS_TYPES_H 1
| #define HAVE_SYS_STAT_H 1
| #define HAVE_STDLIB_H 1
| #define HAVE_STRING_H 1
| #define HAVE_MEMORY_H 1
| #define HAVE_STRINGS_H 1
| #define HAVE_INTTYPES_H 1
| #define HAVE_STDINT_H 1
| #define HAVE_UNISTD_H 1
| #define HAVE_LIMITS_H 1
| #define HAVE_SYS_PARAM_H 1
| #define TCL_CFGVAL_ENCODING "iso8859-1"
| #define STATIC_BUILD 1
| #define MODULE_SCOPE extern __attribute__((__visibility__("hidden")))
| #define TCL_SHLIB_EXT ".so"
| #define TCL_CFG_OPTIMIZED 1
| #define TCL_CFG_DEBUG 1
| #define TCL_TOMMATH 1
| #define MP_PREC 4
| #define _LARGEFILE64_SOURCE 1
| #define TCL_WIDE_INT_IS_LONG 1
| /* end confdefs.h.  */
| #include <sys/types.h>
| 		#include <sys/param.h>
| 
| int
| main ()
| {
| #if BYTE_ORDER != BIG_ENDIAN
| 		 not big endian
| 		#endif
| 
|   ;
|   return 0;
| }
configure:7311: result: no
configure:7338: checking for getcwd
configure:7338: gcc -o conftest  -pipe   -Wl,--export-dynamic  conftest.c  >&5
configure:7338: $? = 0
configure:7338: result: yes
configure:7354: checking for opendir
configure:7354: gcc -o conftest  -pipe   -Wl,--export-dynamic  conftest.c  >&5
configure:7354: $? = 0
configure:7354: result: yes
configure:7367: checking for strtol
configure:7367: gcc -o conftest  -pipe   -Wl,--export-dynamic  conftest.c  >&5
configure:7367: $? = 0
configure:7367: result: yes
configure:7380: checking for waitpid
configure:7380: gcc -o conftest  -pipe   -Wl,--export-dynamic  conftest.c  >&5
configure:7380: $? = 0
configure:7380: result: yes
configure:7394: checking for strerror
configure:7394: gcc -o conftest  -pipe   -Wl,--export-dynamic  conftest.c  >&5
configure:7394: $? = 0
configure:7394: result: yes
configure:7403: checking for getwd
configure:7403: gcc -o conftest  -pipe   -Wl,--export-dynamic  conftest.c  >&5
/tmp/ccloIfeK.o: In function `main':
conftest.c:(.text+0xa): warning: the `getwd' function is dangerous and should not be used.
configure:7403: $? = 0
configure:7403: result: yes
configure:7412: checking for wait3
configure:7412: gcc -o conftest  -pipe   -Wl,--export-dynamic  conftest.c  >&5
configure:7412: $? = 0
configure:7412: result: yes
configure:7421: checking for uname
configure:7421: gcc -o conftest  -pipe   -Wl,--export-dynamic  conftest.c  >&5
configure:7421: $? = 0
configure:7421: result: yes
configure:7437: checking for realpath
configure:7437: gcc -o conftest  -pipe   -Wl,--export-dynamic  conftest.c  >&5
configure:7437: $? = 0
configure:7437: result: yes
configure:7447: checking for getaddrinfo
configure:7447: gcc -o conftest  -pipe   -Wl,--export-dynamic  conftest.c  >&5
configure:7447: $? = 0
configure:7447: result: yes
configure:7450: checking for working getaddrinfo
configure:7474: gcc -c  -pipe  conftest.c >&5
configure:7474: $? = 0
configure:7481: result: yes
configure:8158: checking sys/modem.h usability
configure:8158: gcc -c  -pipe  conftest.c >&5
conftest.c:69:23: fatal error: sys/modem.h: No such file or directory
compilation terminated.
configure:8158: $? = 1
configure: failed program was:
| /* confdefs.h */
| #define PACKAGE_NAME "tcl"
| #define PACKAGE_TARNAME "tcl"
| #define PACKAGE_VERSION "8.5"
| #define PACKAGE_STRING "tcl 8.5"
| #define PACKAGE_BUGREPORT ""
| #define PACKAGE_URL ""
| #define STDC_HEADERS 1
| #define HAVE_SYS_TYPES_H 1
| #define HAVE_SYS_STAT_H 1
| #define HAVE_STDLIB_H 1
| #define HAVE_STRING_H 1
| #define HAVE_MEMORY_H 1
| #define HAVE_STRINGS_H 1
| #define HAVE_INTTYPES_H 1
| #define HAVE_STDINT_H 1
| #define HAVE_UNISTD_H 1
| #define HAVE_LIMITS_H 1
| #define HAVE_SYS_PARAM_H 1
| #define TCL_CFGVAL_ENCODING "iso8859-1"
| #define STATIC_BUILD 1
| #define MODULE_SCOPE extern __attribute__((__visibility__("hidden")))
| #define TCL_SHLIB_EXT ".so"
| #define TCL_CFG_OPTIMIZED 1
| #define TCL_CFG_DEBUG 1
| #define TCL_TOMMATH 1
| #define MP_PREC 4
| #define _LARGEFILE64_SOURCE 1
| #define TCL_WIDE_INT_IS_LONG 1
| #define HAVE_GETCWD 1
| #define HAVE_OPENDIR 1
| #define HAVE_STRTOL 1
| #define HAVE_WAITPID 1
| #define HAVE_GETADDRINFO 1
| /* end confdefs.h.  */
| #include <stdio.h>
| #ifdef HAVE_SYS_TYPES_H
| # include <sys/types.h>
| #endif
| #ifdef HAVE_SYS_STAT_H
| # include <sys/stat.h>
| #endif
| #ifdef STDC_HEADERS
| # include <stdlib.h>
| # include <stddef.h>
| #else
| # ifdef HAVE_STDLIB_H
| #  include <stdlib.h>
| # endif
| #endif
| #ifdef HAVE_STRING_H
| # if !defined STDC_HEADERS && defined HAVE_MEMORY_H
| #  include <memory.h>
| # endif
| # include <string.h>
| #endif
| #ifdef HAVE_STRINGS_H
| # include <strings.h>
| #endif
| #ifdef HAVE_INTTYPES_H
| # include <inttypes.h>
| #endif
| #ifdef HAVE_STDINT_H
| # include <stdint.h>
| #endif
| #ifdef HAVE_UNISTD_H
| # include <unistd.h>
| #endif
| #include <sys/modem.h>
configure:8158: result: no
configure:8158: checking sys/modem.h presence
configure:8158: gcc -E  conftest.c
conftest.c:36:23: fatal error: sys/modem.h: No such file or directory
compilation terminated.
configure:8158: $? = 1
configure: failed program was:
| /* confdefs.h */
| #define PACKAGE_NAME "tcl"
| #define PACKAGE_TARNAME "tcl"
| #define PACKAGE_VERSION "8.5"
| #define PACKAGE_STRING "tcl 8.5"
| #define PACKAGE_BUGREPORT ""
| #define PACKAGE_URL ""
| #define STDC_HEADERS 1
| #define HAVE_SYS_TYPES_H 1
| #define HAVE_SYS_STAT_H 1
| #define HAVE_STDLIB_H 1
| #define HAVE_STRING_H 1
| #define HAVE_MEMORY_H 1
| #define HAVE_STRINGS_H 1
| #define HAVE_INTTYPES_H 1
| #define HAVE_STDINT_H 1
| #define HAVE_UNISTD_H 1
| #define HAVE_LIMITS_H 1
| #define HAVE_SYS_PARAM_H 1
| #define TCL_CFGVAL_ENCODING "iso8859-1"
| #define STATIC_BUILD 1
| #define MODULE_SCOPE extern __attribute__((__visibility__("hidden")))
| #define TCL_SHLIB_EXT ".so"
| #define TCL_CFG_OPTIMIZED 1
| #define TCL_CFG_DEBUG 1
| #define TCL_TOMMATH 1
| #define MP_PREC 4
| #define _LARGEFILE64_SOURCE 1
| #define TCL_WIDE_INT_IS_LONG 1
| #define HAVE_GETCWD 1
| #define HAVE_OPENDIR 1
| #define HAVE_STRTOL 1
| #define HAVE_WAITPID 1
| #define HAVE_GETADDRINFO 1
| /* end confdefs.h.  */
| #include <sys/modem.h>
configure:8158: result: no
configure:8158: checking for sys/modem.h
configure:8158: result: no
configure:8168: checking termios vs. termio vs. sgtty
configure:8192: gcc -o conftest  -pipe   -Wl,--export-dynamic  conftest.c  >&5
configure:8192: $? = 0
configure:8192: ./conftest
configure:8192: $? = 1
configure: program exited with status 1
configure: failed program was:
| /* confdefs.h */
| #define PACKAGE_NAME "tcl"
| #define PACKAGE_TARNAME "tcl"
| #define PACKAGE_VERSION "8.5"
| #define PACKAGE_STRING "tcl 8.5"
| #define PACKAGE_BUGREPORT ""
| #define PACKAGE_URL ""
| #define STDC_HEADERS 1
| #define HAVE_SYS_TYPES_H 1
| #define HAVE_SYS_STAT_H 1
| #define HAVE_STDLIB_H 1
| #define HAVE_STRING_H 1
| #define HAVE_MEMORY_H 1
| #define HAVE_STRINGS_H 1
| #define HAVE_INTTYPES_H 1
| #define HAVE_STDINT_H 1
| #define HAVE_UNISTD_H 1
| #define HAVE_LIMITS_H 1
| #define HAVE_SYS_PARAM_H 1
| #define TCL_CFGVAL_ENCODING "iso8859-1"
| #define STATIC_BUILD 1
| #define MODULE_SCOPE extern __attribute__((__visibility__("hidden")))
| #define TCL_SHLIB_EXT ".so"
| #define TCL_CFG_OPTIMIZED 1
| #define TCL_CFG_DEBUG 1
| #define TCL_TOMMATH 1
| #define MP_PREC 4
| #define _LARGEFILE64_SOURCE 1
| #define TCL_WIDE_INT_IS_LONG 1
| #define HAVE_GETCWD 1
| #define HAVE_OPENDIR 1
| #define HAVE_STRTOL 1
| #define HAVE_WAITPID 1
| #define HAVE_GETADDRINFO 1
| /* end confdefs.h.  */
| 
| #include <termios.h>
| 
| int main() {
|     struct termios t;
|     if (tcgetattr(0, &t) == 0) {
| 	cfsetospeed(&t, 0);
| 	t.c_cflag |= PARENB | PARODD | CSIZE | CSTOPB;
| 	return 0;
|     }
|     return 1;
| }
configure:8219: gcc -o conftest  -pipe   -Wl,--export-dynamic  conftest.c  >&5
configure:8219: $? = 0
configure:8219: ./conftest
configure:8219: $? = 1
configure: program exited with status 1
configure: failed program was:
| /* confdefs.h */
| #define PACKAGE_NAME "tcl"
| #define PACKAGE_TARNAME "tcl"
| #define PACKAGE_VERSION "8.5"
| #define PACKAGE_STRING "tcl 8.5"
| #define PACKAGE_BUGREPORT ""
| #define PACKAGE_URL ""
| #define STDC_HEADERS 1
| #define HAVE_SYS_TYPES_H 1
| #define HAVE_SYS_STAT_H 1
| #define HAVE_STDLIB_H 1
| #define HAVE_STRING_H 1
| #define HAVE_MEMORY_H 1
| #define HAVE_STRINGS_H 1
| #define HAVE_INTTYPES_H 1
| #define HAVE_STDINT_H 1
| #define HAVE_UNISTD_H 1
| #define HAVE_LIMITS_H 1
| #define HAVE_SYS_PARAM_H 1
| #define TCL_CFGVAL_ENCODING "iso8859-1"
| #define STATIC_BUILD 1
| #define MODULE_SCOPE extern __attribute__((__visibility__("hidden")))
| #define TCL_SHLIB_EXT ".so"
| #define TCL_CFG_OPTIMIZED 1
| #define TCL_CFG_DEBUG 1
| #define TCL_TOMMATH 1
| #define MP_PREC 4
| #define _LARGEFILE64_SOURCE 1
| #define TCL_WIDE_INT_IS_LONG 1
| #define HAVE_GETCWD 1
| #define HAVE_OPENDIR 1
| #define HAVE_STRTOL 1
| #define HAVE_WAITPID 1
| #define HAVE_GETADDRINFO 1
| /* end confdefs.h.  */
| 
| #include <termio.h>
| 
| int main() {
|     struct termio t;
|     if (ioctl(0, TCGETA, &t) == 0) {
| 	t.c_cflag |= CBAUD | PARENB | PARODD | CSIZE | CSTOPB;
| 	return 0;
|     }
|     return 1;
| }
configure:8248: gcc -o conftest  -pipe   -Wl,--export-dynamic  conftest.c  >&5
conftest.c: In function 'main':
conftest.c:40:19: error: storage size of 't' isn't known
     struct sgttyb t;
                   ^
conftest.c:41:18: error: 'TIOCGETP' undeclared (first use in this function)
     if (ioctl(0, TIOCGETP, &t) == 0) {
                  ^
conftest.c:41:18: note: each undeclared identifier is reported only once for each function it appears in
conftest.c:43:16: error: 'ODDP' undeclared (first use in this function)
  t.sg_flags |= ODDP | EVENP | RAW;
                ^
conftest.c:43:23: error: 'EVENP' undeclared (first use in this function)
  t.sg_flags |= ODDP | EVENP | RAW;
                       ^
conftest.c:43:31: error: 'RAW' undeclared (first use in this function)
  t.sg_flags |= ODDP | EVENP | RAW;
                               ^
configure:8248: $? = 1
configure: program exited with status 1
configure: failed program was:
| /* confdefs.h */
| #define PACKAGE_NAME "tcl"
| #define PACKAGE_TARNAME "tcl"
| #define PACKAGE_VERSION "8.5"
| #define PACKAGE_STRING "tcl 8.5"
| #define PACKAGE_BUGREPORT ""
| #define PACKAGE_URL ""
| #define STDC_HEADERS 1
| #define HAVE_SYS_TYPES_H 1
| #define HAVE_SYS_STAT_H 1
| #define HAVE_STDLIB_H 1
| #define HAVE_STRING_H 1
| #define HAVE_MEMORY_H 1
| #define HAVE_STRINGS_H 1
| #define HAVE_INTTYPES_H 1
| #define HAVE_STDINT_H 1
| #define HAVE_UNISTD_H 1
| #define HAVE_LIMITS_H 1
| #define HAVE_SYS_PARAM_H 1
| #define TCL_CFGVAL_ENCODING "iso8859-1"
| #define STATIC_BUILD 1
| #define MODULE_SCOPE extern __attribute__((__visibility__("hidden")))
| #define TCL_SHLIB_EXT ".so"
| #define TCL_CFG_OPTIMIZED 1
| #define TCL_CFG_DEBUG 1
| #define TCL_TOMMATH 1
| #define MP_PREC 4
| #define _LARGEFILE64_SOURCE 1
| #define TCL_WIDE_INT_IS_LONG 1
| #define HAVE_GETCWD 1
| #define HAVE_OPENDIR 1
| #define HAVE_STRTOL 1
| #define HAVE_WAITPID 1
| #define HAVE_GETADDRINFO 1
| /* end confdefs.h.  */
| 
| #include <sgtty.h>
| 
| int main() {
|     struct sgttyb t;
|     if (ioctl(0, TIOCGETP, &t) == 0) {
| 	t.sg_ospeed = 0;
| 	t.sg_flags |= ODDP | EVENP | RAW;
| 	return 0;
|     }
|     return 1;
| }
configure:8279: gcc -o conftest  -pipe   -Wl,--export-dynamic  conftest.c  >&5
configure:8279: $? = 0
configure:8279: ./conftest
configure:8279: $? = 0
configure:8351: result: termios
configure:8376: checking for fd_set in sys/types
configure:8393: gcc -c  -pipe  conftest.c >&5
configure:8393: $? = 0
configure:8400: result: yes
configure:8446: checking sys/time.h usability
configure:8446: gcc -c  -pipe  conftest.c >&5
configure:8446: $? = 0
configure:8446: result: yes
configure:8446: checking sys/time.h presence
configure:8446: gcc -E  conftest.c
configure:8446: $? = 0
configure:8446: result: yes
configure:8446: checking for sys/time.h
configure:8446: result: yes
configure:8456: checking whether time.h and sys/time.h may both be included
configure:8476: gcc -c  -pipe  conftest.c >&5
configure:8476: $? = 0
configure:8483: result: yes
configure:8495: checking for gmtime_r
configure:8495: gcc -o conftest  -pipe   -Wl,--export-dynamic  conftest.c  >&5
configure:8495: $? = 0
configure:8495: result: yes
configure:8495: checking for localtime_r
configure:8495: gcc -o conftest  -pipe   -Wl,--export-dynamic  conftest.c  >&5
configure:8495: $? = 0
configure:8495: result: yes
configure:8495: checking for mktime
configure:8495: gcc -o conftest  -pipe   -Wl,--export-dynamic  conftest.c  >&5
configure:8495: $? = 0
configure:8495: result: yes
configure:8505: checking tm_tzadj in struct tm
configure:8522: gcc -c  -pipe  conftest.c >&5
conftest.c: In function 'main':
conftest.c:46:17: error: 'struct tm' has no member named 'tm_tzadj'
 struct tm tm; tm.tm_tzadj;
                 ^
configure:8522: $? = 1
configure: failed program was:
| /* confdefs.h */
| #define PACKAGE_NAME "tcl"
| #define PACKAGE_TARNAME "tcl"
| #define PACKAGE_VERSION "8.5"
| #define PACKAGE_STRING "tcl 8.5"
| #define PACKAGE_BUGREPORT ""
| #define PACKAGE_URL ""
| #define STDC_HEADERS 1
| #define HAVE_SYS_TYPES_H 1
| #define HAVE_SYS_STAT_H 1
| #define HAVE_STDLIB_H 1
| #define HAVE_STRING_H 1
| #define HAVE_MEMORY_H 1
| #define HAVE_STRINGS_H 1
| #define HAVE_INTTYPES_H 1
| #define HAVE_STDINT_H 1
| #define HAVE_UNISTD_H 1
| #define HAVE_LIMITS_H 1
| #define HAVE_SYS_PARAM_H 1
| #define TCL_CFGVAL_ENCODING "iso8859-1"
| #define STATIC_BUILD 1
| #define MODULE_SCOPE extern __attribute__((__visibility__("hidden")))
| #define TCL_SHLIB_EXT ".so"
| #define TCL_CFG_OPTIMIZED 1
| #define TCL_CFG_DEBUG 1
| #define TCL_TOMMATH 1
| #define MP_PREC 4
| #define _LARGEFILE64_SOURCE 1
| #define TCL_WIDE_INT_IS_LONG 1
| #define HAVE_GETCWD 1
| #define HAVE_OPENDIR 1
| #define HAVE_STRTOL 1
| #define HAVE_WAITPID 1
| #define HAVE_GETADDRINFO 1
| #define USE_TERMIOS 1
| #define HAVE_SYS_TIME_H 1
| #define TIME_WITH_SYS_TIME 1
| #define HAVE_GMTIME_R 1
| #define HAVE_LOCALTIME_R 1
| #define HAVE_MKTIME 1
| /* end confdefs.h.  */
| #include <time.h>
| int
| main ()
| {
| struct tm tm; tm.tm_tzadj;
|   ;
|   return 0;
| }
configure:8529: result: no
configure:8537: checking tm_gmtoff in struct tm
configure:8554: gcc -c  -pipe  conftest.c >&5
configure:8554: $? = 0
configure:8561: result: yes
configure:8573: checking long timezone variable
configure:8592: gcc -c  -pipe  conftest.c >&5
conftest.c: In function 'main':
conftest.c:49:6: warning: implicit declaration of function 'exit' [-Wimplicit-function-declaration]
      exit (0);
      ^
conftest.c:49:6: warning: incompatible implicit declaration of built-in function 'exit'
conftest.c:49:6: note: include '<stdlib.h>' or provide a declaration of 'exit'
configure:8592: $? = 0
configure:8599: result: yes
configure:8651: checking for struct stat.st_blocks
configure:8651: gcc -c  -pipe  conftest.c >&5
configure:8651: $? = 0
configure:8651: result: yes
configure:8660: checking for struct stat.st_blksize
configure:8660: gcc -c  -pipe  conftest.c >&5
configure:8660: $? = 0
configure:8660: result: yes
configure:8670: checking for blkcnt_t
configure:8670: gcc -c  -pipe  conftest.c >&5
configure:8670: $? = 0
configure:8670: gcc -c  -pipe  conftest.c >&5
conftest.c: In function 'main':
conftest.c:82:23: error: expected expression before ')' token
 if (sizeof ((blkcnt_t)))
                       ^
configure:8670: $? = 1
configure: failed program was:
| /* confdefs.h */
| #define PACKAGE_NAME "tcl"
| #define PACKAGE_TARNAME "tcl"
| #define PACKAGE_VERSION "8.5"
| #define PACKAGE_STRING "tcl 8.5"
| #define PACKAGE_BUGREPORT ""
| #define PACKAGE_URL ""
| #define STDC_HEADERS 1
| #define HAVE_SYS_TYPES_H 1
| #define HAVE_SYS_STAT_H 1
| #define HAVE_STDLIB_H 1
| #define HAVE_STRING_H 1
| #define HAVE_MEMORY_H 1
| #define HAVE_STRINGS_H 1
| #define HAVE_INTTYPES_H 1
| #define HAVE_STDINT_H 1
| #define HAVE_UNISTD_H 1
| #define HAVE_LIMITS_H 1
| #define HAVE_SYS_PARAM_H 1
| #define TCL_CFGVAL_ENCODING "iso8859-1"
| #define STATIC_BUILD 1
| #define MODULE_SCOPE extern __attribute__((__visibility__("hidden")))
| #define TCL_SHLIB_EXT ".so"
| #define TCL_CFG_OPTIMIZED 1
| #define TCL_CFG_DEBUG 1
| #define TCL_TOMMATH 1
| #define MP_PREC 4
| #define _LARGEFILE64_SOURCE 1
| #define TCL_WIDE_INT_IS_LONG 1
| #define HAVE_GETCWD 1
| #define HAVE_OPENDIR 1
| #define HAVE_STRTOL 1
| #define HAVE_WAITPID 1
| #define HAVE_GETADDRINFO 1
| #define USE_TERMIOS 1
| #define HAVE_SYS_TIME_H 1
| #define TIME_WITH_SYS_TIME 1
| #define HAVE_GMTIME_R 1
| #define HAVE_LOCALTIME_R 1
| #define HAVE_MKTIME 1
| #define HAVE_TM_GMTOFF 1
| #define HAVE_TIMEZONE_VAR 1
| #define HAVE_STRUCT_STAT_ST_BLOCKS 1
| #define HAVE_STRUCT_STAT_ST_BLKSIZE 1
| /* end confdefs.h.  */
| #include <stdio.h>
| #ifdef HAVE_SYS_TYPES_H
| # include <sys/types.h>
| #endif
| #ifdef HAVE_SYS_STAT_H
| # include <sys/stat.h>
| #endif
| #ifdef STDC_HEADERS
| # include <stdlib.h>
| # include <stddef.h>
| #else
| # ifdef HAVE_STDLIB_H
| #  include <stdlib.h>
| # endif
| #endif
| #ifdef HAVE_STRING_H
| # if !defined STDC_HEADERS && defined HAVE_MEMORY_H
| #  include <memory.h>
| # endif
| # include <string.h>
| #endif
| #ifdef HAVE_STRINGS_H
| # include <strings.h>
| #endif
| #ifdef HAVE_INTTYPES_H
| # include <inttypes.h>
| #endif
| #ifdef HAVE_STDINT_H
| # include <stdint.h>
| #endif
| #ifdef HAVE_UNISTD_H
| # include <unistd.h>
| #endif
| int
| main ()
| {
| if (sizeof ((blkcnt_t)))
| 	    return 0;
|   ;
|   return 0;
| }
configure:8670: result: yes
configure:8680: checking for fstatfs
configure:8680: gcc -o conftest  -pipe   -Wl,--export-dynamic  conftest.c  >&5
configure:8680: $? = 0
configure:8680: result: yes
configure:8695: checking for working memcmp
configure:8738: gcc -o conftest  -pipe   -Wl,--export-dynamic  conftest.c  >&5
configure:8738: $? = 0
configure:8738: ./conftest
configure:8738: $? = 0
configure:8748: result: yes
configure:8764: checking for memmove
configure:8764: gcc -o conftest  -pipe   -Wl,--export-dynamic  conftest.c  >&5
conftest.c:70:6: warning: conflicting types for built-in function 'memmove'
 char memmove ();
      ^
configure:8764: $? = 0
configure:8764: result: yes
configure:8784: checking for strstr
configure:8784: gcc -o conftest  -pipe   -Wl,--export-dynamic  conftest.c  >&5
conftest.c:70:6: warning: conflicting types for built-in function 'strstr'
 char strstr ();
      ^
configure:8784: $? = 0
configure:8784: result: yes
configure:8792: checking proper strstr implementation
configure:8807: gcc -o conftest  -pipe   -Wl,--export-dynamic  conftest.c  >&5
conftest.c: In function 'main':
conftest.c:48:16: warning: conflicting types for built-in function 'strstr'
     extern int strstr();
                ^
conftest.c:49:5: warning: implicit declaration of function 'exit' [-Wimplicit-function-declaration]
     exit(strstr("\0test", "test") ? 1 : 0);
     ^
conftest.c:49:5: warning: incompatible implicit declaration of built-in function 'exit'
conftest.c:49:5: note: include '<stdlib.h>' or provide a declaration of 'exit'
configure:8807: $? = 0
configure:8807: ./conftest
configure:8807: $? = 0
configure:8817: result: ok
configure:8843: checking for strtoul
configure:8843: gcc -o conftest  -pipe   -Wl,--export-dynamic  conftest.c  >&5
configure:8843: $? = 0
configure:8843: result: yes
configure:8851: checking proper strtoul implementation
configure:8867: gcc -o conftest  -pipe   -Wl,--export-dynamic  conftest.c  >&5
conftest.c: In function 'main':
conftest.c:50:5: warning: implicit declaration of function 'exit' [-Wimplicit-function-declaration]
     exit(strtoul(string,&term,0) != 0 || term != string+1);
     ^
conftest.c:50:5: warning: incompatible implicit declaration of built-in function 'exit'
conftest.c:50:5: note: include '<stdlib.h>' or provide a declaration of 'exit'
configure:8867: $? = 0
configure:8867: ./conftest
configure:8867: $? = 0
configure:8877: result: ok
configure:8902: checking for strtod
configure:8902: gcc -o conftest  -pipe   -Wl,--export-dynamic  conftest.c  >&5
configure:8902: $? = 0
configure:8902: result: yes
configure:8910: checking proper strtod implementation
configure:8926: gcc -o conftest  -pipe   -Wl,--export-dynamic  conftest.c  >&5
conftest.c: In function 'main':
conftest.c:50:5: warning: implicit declaration of function 'exit' [-Wimplicit-function-declaration]
     exit(strtod(string,&term) != 69 || term != string+4);
     ^
conftest.c:50:5: warning: incompatible implicit declaration of built-in function 'exit'
conftest.c:50:5: note: include '<stdlib.h>' or provide a declaration of 'exit'
configure:8926: $? = 0
configure:8926: ./conftest
configure:8926: $? = 0
configure:8936: result: ok
configure:8963: checking for strtod
configure:8963: result: yes
configure:8971: checking for Solaris2.4/Tru64 strtod bugs
configure:9003: gcc -o conftest  -pipe   -Wl,--export-dynamic  conftest.c  >&5
conftest.c: In function 'main':
conftest.c:55:4: warning: implicit declaration of function 'exit' [-Wimplicit-function-declaration]
    exit(1);
    ^
conftest.c:55:4: warning: incompatible implicit declaration of built-in function 'exit'
conftest.c:55:4: note: include '<stdlib.h>' or provide a declaration of 'exit'
conftest.c:59:4: warning: incompatible implicit declaration of built-in function 'exit'
    exit(1);
    ^
conftest.c:59:4: note: include '<stdlib.h>' or provide a declaration of 'exit'
conftest.c:63:4: warning: incompatible implicit declaration of built-in function 'exit'
    exit(1);
    ^
conftest.c:63:4: note: include '<stdlib.h>' or provide a declaration of 'exit'
conftest.c:65:7: warning: incompatible implicit declaration of built-in function 'exit'
       exit(0);
       ^
conftest.c:65:7: note: include '<stdlib.h>' or provide a declaration of 'exit'
configure:9003: $? = 0
configure:9003: ./conftest
configure:9003: $? = 0
configure:9013: result: ok
configure:9035: checking for mode_t
configure:9035: gcc -c  -pipe  conftest.c >&5
configure:9035: $? = 0
configure:9035: gcc -c  -pipe  conftest.c >&5
conftest.c: In function 'main':
conftest.c:83:21: error: expected expression before ')' token
 if (sizeof ((mode_t)))
                     ^
configure:9035: $? = 1
configure: failed program was:
| /* confdefs.h */
| #define PACKAGE_NAME "tcl"
| #define PACKAGE_TARNAME "tcl"
| #define PACKAGE_VERSION "8.5"
| #define PACKAGE_STRING "tcl 8.5"
| #define PACKAGE_BUGREPORT ""
| #define PACKAGE_URL ""
| #define STDC_HEADERS 1
| #define HAVE_SYS_TYPES_H 1
| #define HAVE_SYS_STAT_H 1
| #define HAVE_STDLIB_H 1
| #define HAVE_STRING_H 1
| #define HAVE_MEMORY_H 1
| #define HAVE_STRINGS_H 1
| #define HAVE_INTTYPES_H 1
| #define HAVE_STDINT_H 1
| #define HAVE_UNISTD_H 1
| #define HAVE_LIMITS_H 1
| #define HAVE_SYS_PARAM_H 1
| #define TCL_CFGVAL_ENCODING "iso8859-1"
| #define STATIC_BUILD 1
| #define MODULE_SCOPE extern __attribute__((__visibility__("hidden")))
| #define TCL_SHLIB_EXT ".so"
| #define TCL_CFG_OPTIMIZED 1
| #define TCL_CFG_DEBUG 1
| #define TCL_TOMMATH 1
| #define MP_PREC 4
| #define _LARGEFILE64_SOURCE 1
| #define TCL_WIDE_INT_IS_LONG 1
| #define HAVE_GETCWD 1
| #define HAVE_OPENDIR 1
| #define HAVE_STRTOL 1
| #define HAVE_WAITPID 1
| #define HAVE_GETADDRINFO 1
| #define USE_TERMIOS 1
| #define HAVE_SYS_TIME_H 1
| #define TIME_WITH_SYS_TIME 1
| #define HAVE_GMTIME_R 1
| #define HAVE_LOCALTIME_R 1
| #define HAVE_MKTIME 1
| #define HAVE_TM_GMTOFF 1
| #define HAVE_TIMEZONE_VAR 1
| #define HAVE_STRUCT_STAT_ST_BLOCKS 1
| #define HAVE_STRUCT_STAT_ST_BLKSIZE 1
| #define HAVE_BLKCNT_T 1
| /* end confdefs.h.  */
| #include <stdio.h>
| #ifdef HAVE_SYS_TYPES_H
| # include <sys/types.h>
| #endif
| #ifdef HAVE_SYS_STAT_H
| # include <sys/stat.h>
| #endif
| #ifdef STDC_HEADERS
| # include <stdlib.h>
| # include <stddef.h>
| #else
| # ifdef HAVE_STDLIB_H
| #  include <stdlib.h>
| # endif
| #endif
| #ifdef HAVE_STRING_H
| # if !defined STDC_HEADERS && defined HAVE_MEMORY_H
| #  include <memory.h>
| # endif
| # include <string.h>
| #endif
| #ifdef HAVE_STRINGS_H
| # include <strings.h>
| #endif
| #ifdef HAVE_INTTYPES_H
| # include <inttypes.h>
| #endif
| #ifdef HAVE_STDINT_H
| # include <stdint.h>
| #endif
| #ifdef HAVE_UNISTD_H
| # include <unistd.h>
| #endif
| int
| main ()
| {
| if (sizeof ((mode_t)))
| 	    return 0;
|   ;
|   return 0;
| }
configure:9035: result: yes
configure:9046: checking for pid_t
configure:9046: gcc -c  -pipe  conftest.c >&5
configure:9046: $? = 0
configure:9046: gcc -c  -pipe  conftest.c >&5
conftest.c: In function 'main':
conftest.c:83:20: error: expected expression before ')' token
 if (sizeof ((pid_t)))
                    ^
configure:9046: $? = 1
configure: failed program was:
| /* confdefs.h */
| #define PACKAGE_NAME "tcl"
| #define PACKAGE_TARNAME "tcl"
| #define PACKAGE_VERSION "8.5"
| #define PACKAGE_STRING "tcl 8.5"
| #define PACKAGE_BUGREPORT ""
| #define PACKAGE_URL ""
| #define STDC_HEADERS 1
| #define HAVE_SYS_TYPES_H 1
| #define HAVE_SYS_STAT_H 1
| #define HAVE_STDLIB_H 1
| #define HAVE_STRING_H 1
| #define HAVE_MEMORY_H 1
| #define HAVE_STRINGS_H 1
| #define HAVE_INTTYPES_H 1
| #define HAVE_STDINT_H 1
| #define HAVE_UNISTD_H 1
| #define HAVE_LIMITS_H 1
| #define HAVE_SYS_PARAM_H 1
| #define TCL_CFGVAL_ENCODING "iso8859-1"
| #define STATIC_BUILD 1
| #define MODULE_SCOPE extern __attribute__((__visibility__("hidden")))
| #define TCL_SHLIB_EXT ".so"
| #define TCL_CFG_OPTIMIZED 1
| #define TCL_CFG_DEBUG 1
| #define TCL_TOMMATH 1
| #define MP_PREC 4
| #define _LARGEFILE64_SOURCE 1
| #define TCL_WIDE_INT_IS_LONG 1
| #define HAVE_GETCWD 1
| #define HAVE_OPENDIR 1
| #define HAVE_STRTOL 1
| #define HAVE_WAITPID 1
| #define HAVE_GETADDRINFO 1
| #define USE_TERMIOS 1
| #define HAVE_SYS_TIME_H 1
| #define TIME_WITH_SYS_TIME 1
| #define HAVE_GMTIME_R 1
| #define HAVE_LOCALTIME_R 1
| #define HAVE_MKTIME 1
| #define HAVE_TM_GMTOFF 1
| #define HAVE_TIMEZONE_VAR 1
| #define HAVE_STRUCT_STAT_ST_BLOCKS 1
| #define HAVE_STRUCT_STAT_ST_BLKSIZE 1
| #define HAVE_BLKCNT_T 1
| /* end confdefs.h.  */
| #include <stdio.h>
| #ifdef HAVE_SYS_TYPES_H
| # include <sys/types.h>
| #endif
| #ifdef HAVE_SYS_STAT_H
| # include <sys/stat.h>
| #endif
| #ifdef STDC_HEADERS
| # include <stdlib.h>
| # include <stddef.h>
| #else
| # ifdef HAVE_STDLIB_H
| #  include <stdlib.h>
| # endif
| #endif
| #ifdef HAVE_STRING_H
| # if !defined STDC_HEADERS && defined HAVE_MEMORY_H
| #  include <memory.h>
| # endif
| # include <string.h>
| #endif
| #ifdef HAVE_STRINGS_H
| # include <strings.h>
| #endif
| #ifdef HAVE_INTTYPES_H
| # include <inttypes.h>
| #endif
| #ifdef HAVE_STDINT_H
| # include <stdint.h>
| #endif
| #ifdef HAVE_UNISTD_H
| # include <unistd.h>
| #endif
| int
| main ()
| {
| if (sizeof ((pid_t)))
| 	    return 0;
|   ;
|   return 0;
| }
configure:9046: result: yes
configure:9057: checking for size_t
configure:9057: gcc -c  -pipe  conftest.c >&5
configure:9057: $? = 0
configure:9057: gcc -c  -pipe  conftest.c >&5
conftest.c: In function 'main':
conftest.c:83:21: error: expected expression before ')' token
 if (sizeof ((size_t)))
                     ^
configure:9057: $? = 1
configure: failed program was:
| /* confdefs.h */
| #define PACKAGE_NAME "tcl"
| #define PACKAGE_TARNAME "tcl"
| #define PACKAGE_VERSION "8.5"
| #define PACKAGE_STRING "tcl 8.5"
| #define PACKAGE_BUGREPORT ""
| #define PACKAGE_URL ""
| #define STDC_HEADERS 1
| #define HAVE_SYS_TYPES_H 1
| #define HAVE_SYS_STAT_H 1
| #define HAVE_STDLIB_H 1
| #define HAVE_STRING_H 1
| #define HAVE_MEMORY_H 1
| #define HAVE_STRINGS_H 1
| #define HAVE_INTTYPES_H 1
| #define HAVE_STDINT_H 1
| #define HAVE_UNISTD_H 1
| #define HAVE_LIMITS_H 1
| #define HAVE_SYS_PARAM_H 1
| #define TCL_CFGVAL_ENCODING "iso8859-1"
| #define STATIC_BUILD 1
| #define MODULE_SCOPE extern __attribute__((__visibility__("hidden")))
| #define TCL_SHLIB_EXT ".so"
| #define TCL_CFG_OPTIMIZED 1
| #define TCL_CFG_DEBUG 1
| #define TCL_TOMMATH 1
| #define MP_PREC 4
| #define _LARGEFILE64_SOURCE 1
| #define TCL_WIDE_INT_IS_LONG 1
| #define HAVE_GETCWD 1
| #define HAVE_OPENDIR 1
| #define HAVE_STRTOL 1
| #define HAVE_WAITPID 1
| #define HAVE_GETADDRINFO 1
| #define USE_TERMIOS 1
| #define HAVE_SYS_TIME_H 1
| #define TIME_WITH_SYS_TIME 1
| #define HAVE_GMTIME_R 1
| #define HAVE_LOCALTIME_R 1
| #define HAVE_MKTIME 1
| #define HAVE_TM_GMTOFF 1
| #define HAVE_TIMEZONE_VAR 1
| #define HAVE_STRUCT_STAT_ST_BLOCKS 1
| #define HAVE_STRUCT_STAT_ST_BLKSIZE 1
| #define HAVE_BLKCNT_T 1
| /* end confdefs.h.  */
| #include <stdio.h>
| #ifdef HAVE_SYS_TYPES_H
| # include <sys/types.h>
| #endif
| #ifdef HAVE_SYS_STAT_H
| # include <sys/stat.h>
| #endif
| #ifdef STDC_HEADERS
| # include <stdlib.h>
| # include <stddef.h>
| #else
| # ifdef HAVE_STDLIB_H
| #  include <stdlib.h>
| # endif
| #endif
| #ifdef HAVE_STRING_H
| # if !defined STDC_HEADERS && defined HAVE_MEMORY_H
| #  include <memory.h>
| # endif
| # include <string.h>
| #endif
| #ifdef HAVE_STRINGS_H
| # include <strings.h>
| #endif
| #ifdef HAVE_INTTYPES_H
| # include <inttypes.h>
| #endif
| #ifdef HAVE_STDINT_H
| # include <stdint.h>
| #endif
| #ifdef HAVE_UNISTD_H
| # include <unistd.h>
| #endif
| int
| main ()
| {
| if (sizeof ((size_t)))
| 	    return 0;
|   ;
|   return 0;
| }
configure:9057: result: yes
configure:9068: checking for uid_t in sys/types.h
configure:9087: result: yes
configure:9099: checking for socklen_t
configure:9121: gcc -c  -pipe  conftest.c >&5
configure:9121: $? = 0
configure:9128: result: yes
configure:9136: checking for intptr_t
configure:9136: gcc -c  -pipe  conftest.c >&5
configure:9136: $? = 0
configure:9136: gcc -c  -pipe  conftest.c >&5
conftest.c: In function 'main':
conftest.c:83:23: error: expected expression before ')' token
 if (sizeof ((intptr_t)))
                       ^
configure:9136: $? = 1
configure: failed program was:
| /* confdefs.h */
| #define PACKAGE_NAME "tcl"
| #define PACKAGE_TARNAME "tcl"
| #define PACKAGE_VERSION "8.5"
| #define PACKAGE_STRING "tcl 8.5"
| #define PACKAGE_BUGREPORT ""
| #define PACKAGE_URL ""
| #define STDC_HEADERS 1
| #define HAVE_SYS_TYPES_H 1
| #define HAVE_SYS_STAT_H 1
| #define HAVE_STDLIB_H 1
| #define HAVE_STRING_H 1
| #define HAVE_MEMORY_H 1
| #define HAVE_STRINGS_H 1
| #define HAVE_INTTYPES_H 1
| #define HAVE_STDINT_H 1
| #define HAVE_UNISTD_H 1
| #define HAVE_LIMITS_H 1
| #define HAVE_SYS_PARAM_H 1
| #define TCL_CFGVAL_ENCODING "iso8859-1"
| #define STATIC_BUILD 1
| #define MODULE_SCOPE extern __attribute__((__visibility__("hidden")))
| #define TCL_SHLIB_EXT ".so"
| #define TCL_CFG_OPTIMIZED 1
| #define TCL_CFG_DEBUG 1
| #define TCL_TOMMATH 1
| #define MP_PREC 4
| #define _LARGEFILE64_SOURCE 1
| #define TCL_WIDE_INT_IS_LONG 1
| #define HAVE_GETCWD 1
| #define HAVE_OPENDIR 1
| #define HAVE_STRTOL 1
| #define HAVE_WAITPID 1
| #define HAVE_GETADDRINFO 1
| #define USE_TERMIOS 1
| #define HAVE_SYS_TIME_H 1
| #define TIME_WITH_SYS_TIME 1
| #define HAVE_GMTIME_R 1
| #define HAVE_LOCALTIME_R 1
| #define HAVE_MKTIME 1
| #define HAVE_TM_GMTOFF 1
| #define HAVE_TIMEZONE_VAR 1
| #define HAVE_STRUCT_STAT_ST_BLOCKS 1
| #define HAVE_STRUCT_STAT_ST_BLKSIZE 1
| #define HAVE_BLKCNT_T 1
| /* end confdefs.h.  */
| #include <stdio.h>
| #ifdef HAVE_SYS_TYPES_H
| # include <sys/types.h>
| #endif
| #ifdef HAVE_SYS_STAT_H
| # include <sys/stat.h>
| #endif
| #ifdef STDC_HEADERS
| # include <stdlib.h>
| # include <stddef.h>
| #else
| # ifdef HAVE_STDLIB_H
| #  include <stdlib.h>
| # endif
| #endif
| #ifdef HAVE_STRING_H
| # if !defined STDC_HEADERS && defined HAVE_MEMORY_H
| #  include <memory.h>
| # endif
| # include <string.h>
| #endif
| #ifdef HAVE_STRINGS_H
| # include <strings.h>
| #endif
| #ifdef HAVE_INTTYPES_H
| # include <inttypes.h>
| #endif
| #ifdef HAVE_STDINT_H
| # include <stdint.h>
| #endif
| #ifdef HAVE_UNISTD_H
| # include <unistd.h>
| #endif
| int
| main ()
| {
| if (sizeof ((intptr_t)))
| 	    return 0;
|   ;
|   return 0;
| }
configure:9136: result: yes
configure:9187: checking for uintptr_t
configure:9187: gcc -c  -pipe  conftest.c >&5
configure:9187: $? = 0
configure:9187: gcc -c  -pipe  conftest.c >&5
conftest.c: In function 'main':
conftest.c:84:24: error: expected expression before ')' token
 if (sizeof ((uintptr_t)))
                        ^
configure:9187: $? = 1
configure: failed program was:
| /* confdefs.h */
| #define PACKAGE_NAME "tcl"
| #define PACKAGE_TARNAME "tcl"
| #define PACKAGE_VERSION "8.5"
| #define PACKAGE_STRING "tcl 8.5"
| #define PACKAGE_BUGREPORT ""
| #define PACKAGE_URL ""
| #define STDC_HEADERS 1
| #define HAVE_SYS_TYPES_H 1
| #define HAVE_SYS_STAT_H 1
| #define HAVE_STDLIB_H 1
| #define HAVE_STRING_H 1
| #define HAVE_MEMORY_H 1
| #define HAVE_STRINGS_H 1
| #define HAVE_INTTYPES_H 1
| #define HAVE_STDINT_H 1
| #define HAVE_UNISTD_H 1
| #define HAVE_LIMITS_H 1
| #define HAVE_SYS_PARAM_H 1
| #define TCL_CFGVAL_ENCODING "iso8859-1"
| #define STATIC_BUILD 1
| #define MODULE_SCOPE extern __attribute__((__visibility__("hidden")))
| #define TCL_SHLIB_EXT ".so"
| #define TCL_CFG_OPTIMIZED 1
| #define TCL_CFG_DEBUG 1
| #define TCL_TOMMATH 1
| #define MP_PREC 4
| #define _LARGEFILE64_SOURCE 1
| #define TCL_WIDE_INT_IS_LONG 1
| #define HAVE_GETCWD 1
| #define HAVE_OPENDIR 1
| #define HAVE_STRTOL 1
| #define HAVE_WAITPID 1
| #define HAVE_GETADDRINFO 1
| #define USE_TERMIOS 1
| #define HAVE_SYS_TIME_H 1
| #define TIME_WITH_SYS_TIME 1
| #define HAVE_GMTIME_R 1
| #define HAVE_LOCALTIME_R 1
| #define HAVE_MKTIME 1
| #define HAVE_TM_GMTOFF 1
| #define HAVE_TIMEZONE_VAR 1
| #define HAVE_STRUCT_STAT_ST_BLOCKS 1
| #define HAVE_STRUCT_STAT_ST_BLKSIZE 1
| #define HAVE_BLKCNT_T 1
| #define HAVE_INTPTR_T 1
| /* end confdefs.h.  */
| #include <stdio.h>
| #ifdef HAVE_SYS_TYPES_H
| # include <sys/types.h>
| #endif
| #ifdef HAVE_SYS_STAT_H
| # include <sys/stat.h>
| #endif
| #ifdef STDC_HEADERS
| # include <stdlib.h>
| # include <stddef.h>
| #else
| # ifdef HAVE_STDLIB_H
| #  include <stdlib.h>
| # endif
| #endif
| #ifdef HAVE_STRING_H
| # if !defined STDC_HEADERS && defined HAVE_MEMORY_H
| #  include <memory.h>
| # endif
| # include <string.h>
| #endif
| #ifdef HAVE_STRINGS_H
| # include <strings.h>
| #endif
| #ifdef HAVE_INTTYPES_H
| # include <inttypes.h>
| #endif
| #ifdef HAVE_STDINT_H
| # include <stdint.h>
| #endif
| #ifdef HAVE_UNISTD_H
| # include <unistd.h>
| #endif
| int
| main ()
| {
| if (sizeof ((uintptr_t)))
| 	    return 0;
|   ;
|   return 0;
| }
configure:9187: result: yes
configure:9247: checking for opendir
configure:9247: result: yes
configure:9265: checking union wait
configure:9287: gcc -o conftest  -pipe   -Wl,--export-dynamic  conftest.c  >&5
configure:9287: $? = 0
configure:9295: result: yes
configure:9309: checking for strncasecmp
configure:9309: gcc -o conftest  -pipe   -Wl,--export-dynamic  conftest.c  >&5
conftest.c:72:6: warning: conflicting types for built-in function 'strncasecmp'
 char strncasecmp ();
      ^
configure:9309: $? = 0
configure:9309: result: yes
configure:9425: checking for BSDgettimeofday
configure:9425: gcc -o conftest  -pipe   -Wl,--export-dynamic  conftest.c  >&5
/tmp/ccJxZ6jp.o: In function `main':
conftest.c:(.text+0xa): undefined reference to `BSDgettimeofday'
collect2: error: ld returned 1 exit status
configure:9425: $? = 1
configure: failed program was:
| /* confdefs.h */
| #define PACKAGE_NAME "tcl"
| #define PACKAGE_TARNAME "tcl"
| #define PACKAGE_VERSION "8.5"
| #define PACKAGE_STRING "tcl 8.5"
| #define PACKAGE_BUGREPORT ""
| #define PACKAGE_URL ""
| #define STDC_HEADERS 1
| #define HAVE_SYS_TYPES_H 1
| #define HAVE_SYS_STAT_H 1
| #define HAVE_STDLIB_H 1
| #define HAVE_STRING_H 1
| #define HAVE_MEMORY_H 1
| #define HAVE_STRINGS_H 1
| #define HAVE_INTTYPES_H 1
| #define HAVE_STDINT_H 1
| #define HAVE_UNISTD_H 1
| #define HAVE_LIMITS_H 1
| #define HAVE_SYS_PARAM_H 1
| #define TCL_CFGVAL_ENCODING "iso8859-1"
| #define STATIC_BUILD 1
| #define MODULE_SCOPE extern __attribute__((__visibility__("hidden")))
| #define TCL_SHLIB_EXT ".so"
| #define TCL_CFG_OPTIMIZED 1
| #define TCL_CFG_DEBUG 1
| #define TCL_TOMMATH 1
| #define MP_PREC 4
| #define _LARGEFILE64_SOURCE 1
| #define TCL_WIDE_INT_IS_LONG 1
| #define HAVE_GETCWD 1
| #define HAVE_OPENDIR 1
| #define HAVE_STRTOL 1
| #define HAVE_WAITPID 1
| #define HAVE_GETADDRINFO 1
| #define USE_TERMIOS 1
| #define HAVE_SYS_TIME_H 1
| #define TIME_WITH_SYS_TIME 1
| #define HAVE_GMTIME_R 1
| #define HAVE_LOCALTIME_R 1
| #define HAVE_MKTIME 1
| #define HAVE_TM_GMTOFF 1
| #define HAVE_TIMEZONE_VAR 1
| #define HAVE_STRUCT_STAT_ST_BLOCKS 1
| #define HAVE_STRUCT_STAT_ST_BLKSIZE 1
| #define HAVE_BLKCNT_T 1
| #define HAVE_INTPTR_T 1
| #define HAVE_UINTPTR_T 1
| /* end confdefs.h.  */
| /* Define BSDgettimeofday to an innocuous variant, in case <limits.h> declares BSDgettimeofday.
|    For example, HP-UX 11i <limits.h> declares gettimeofday.  */
| #define BSDgettimeofday innocuous_BSDgettimeofday
| 
| /* System header to define __stub macros and hopefully few prototypes,
|     which can conflict with char BSDgettimeofday (); below.
|     Prefer <limits.h> to <assert.h> if __STDC__ is defined, since
|     <limits.h> exists even on freestanding compilers.  */
| 
| #ifdef __STDC__
| # include <limits.h>
| #else
| # include <assert.h>
| #endif
| 
| #undef BSDgettimeofday
| 
| /* Override any GCC internal prototype to avoid an error.
|    Use char because int might match the return type of a GCC
|    builtin and then its argument prototype would still apply.  */
| #ifdef __cplusplus
| extern "C"
| #endif
| char BSDgettimeofday ();
| /* The GNU C library defines this for functions which it implements
|     to always fail with ENOSYS.  Some functions are actually named
|     something starting with __ and the normal name is an alias.  */
| #if defined __stub_BSDgettimeofday || defined __stub___BSDgettimeofday
| choke me
| #endif
| 
| int
| main ()
| {
| return BSDgettimeofday ();
|   ;
|   return 0;
| }
configure:9425: result: no
configure:9432: checking for gettimeofday
configure:9432: gcc -o conftest  -pipe   -Wl,--export-dynamic  conftest.c  >&5
configure:9432: $? = 0
configure:9432: result: yes
configure:9444: checking for gettimeofday declaration
configure:9464: result: present
configure:9478: checking whether char is unsigned
configure:9497: gcc -c  -pipe  conftest.c >&5
configure:9497: $? = 0
configure:9504: result: no
configure:9511: checking signed char declarations
configure:9531: gcc -c  -pipe  conftest.c >&5
configure:9531: $? = 0
configure:9538: result: yes
configure:9550: checking for a putenv() that copies the buffer
configure:9581: gcc -o conftest  -pipe   -Wl,--export-dynamic  conftest.c  >&5
conftest.c: In function 'main':
conftest.c:56:20: warning: implicit declaration of function 'strdup' [-Wimplicit-function-declaration]
      foo = (char *)strdup(OURVAR);
                    ^
conftest.c:56:20: warning: incompatible implicit declaration of built-in function 'strdup'
conftest.c:58:6: warning: implicit declaration of function 'strcpy' [-Wimplicit-function-declaration]
      strcpy((char *)(strchr(foo, '=') + 1), "no");
      ^
conftest.c:58:6: warning: incompatible implicit declaration of built-in function 'strcpy'
conftest.c:58:6: note: include '<string.h>' or provide a declaration of 'strcpy'
conftest.c:58:22: warning: implicit declaration of function 'strchr' [-Wimplicit-function-declaration]
      strcpy((char *)(strchr(foo, '=') + 1), "no");
                      ^
conftest.c:58:22: warning: incompatible implicit declaration of built-in function 'strchr'
conftest.c:58:22: note: include '<string.h>' or provide a declaration of 'strchr'
conftest.c:60:11: warning: implicit declaration of function 'strcmp' [-Wimplicit-function-declaration]
      if (!strcmp(bar, "no")) {
           ^
configure:9581: $? = 0
configure:9581: ./conftest
configure:9581: $? = 0
configure:9591: result: no
configure:9614: checking langinfo.h usability
configure:9614: gcc -c  -pipe  conftest.c >&5
configure:9614: $? = 0
configure:9614: result: yes
configure:9614: checking langinfo.h presence
configure:9614: gcc -E  conftest.c
configure:9614: $? = 0
configure:9614: result: yes
configure:9614: checking for langinfo.h
configure:9614: result: yes
configure:9623: checking whether to use nl_langinfo
configure:9641: gcc -c  -pipe  conftest.c >&5
configure:9641: $? = 0
configure:9649: result: yes
configure:9668: checking for chflags
configure:9668: gcc -o conftest  -pipe   -Wl,--export-dynamic  conftest.c  >&5
conftest.c:79:1: error: unknown type name 'choke'
 choke me
 ^
conftest.c:82:1: error: expected '=', ',', ';', 'asm' or '__attribute__' before 'int'
 int
 ^
configure:9668: $? = 1
configure: failed program was:
| /* confdefs.h */
| #define PACKAGE_NAME "tcl"
| #define PACKAGE_TARNAME "tcl"
| #define PACKAGE_VERSION "8.5"
| #define PACKAGE_STRING "tcl 8.5"
| #define PACKAGE_BUGREPORT ""
| #define PACKAGE_URL ""
| #define STDC_HEADERS 1
| #define HAVE_SYS_TYPES_H 1
| #define HAVE_SYS_STAT_H 1
| #define HAVE_STDLIB_H 1
| #define HAVE_STRING_H 1
| #define HAVE_MEMORY_H 1
| #define HAVE_STRINGS_H 1
| #define HAVE_INTTYPES_H 1
| #define HAVE_STDINT_H 1
| #define HAVE_UNISTD_H 1
| #define HAVE_LIMITS_H 1
| #define HAVE_SYS_PARAM_H 1
| #define TCL_CFGVAL_ENCODING "iso8859-1"
| #define STATIC_BUILD 1
| #define MODULE_SCOPE extern __attribute__((__visibility__("hidden")))
| #define TCL_SHLIB_EXT ".so"
| #define TCL_CFG_OPTIMIZED 1
| #define TCL_CFG_DEBUG 1
| #define TCL_TOMMATH 1
| #define MP_PREC 4
| #define _LARGEFILE64_SOURCE 1
| #define TCL_WIDE_INT_IS_LONG 1
| #define HAVE_GETCWD 1
| #define HAVE_OPENDIR 1
| #define HAVE_STRTOL 1
| #define HAVE_WAITPID 1
| #define HAVE_GETADDRINFO 1
| #define USE_TERMIOS 1
| #define HAVE_SYS_TIME_H 1
| #define TIME_WITH_SYS_TIME 1
| #define HAVE_GMTIME_R 1
| #define HAVE_LOCALTIME_R 1
| #define HAVE_MKTIME 1
| #define HAVE_TM_GMTOFF 1
| #define HAVE_TIMEZONE_VAR 1
| #define HAVE_STRUCT_STAT_ST_BLOCKS 1
| #define HAVE_STRUCT_STAT_ST_BLKSIZE 1
| #define HAVE_BLKCNT_T 1
| #define HAVE_INTPTR_T 1
| #define HAVE_UINTPTR_T 1
| #define HAVE_SIGNED_CHAR 1
| #define HAVE_LANGINFO 1
| /* end confdefs.h.  */
| /* Define chflags to an innocuous variant, in case <limits.h> declares chflags.
|    For example, HP-UX 11i <limits.h> declares gettimeofday.  */
| #define chflags innocuous_chflags
| 
| /* System header to define __stub macros and hopefully few prototypes,
|     which can conflict with char chflags (); below.
|     Prefer <limits.h> to <assert.h> if __STDC__ is defined, since
|     <limits.h> exists even on freestanding compilers.  */
| 
| #ifdef __STDC__
| # include <limits.h>
| #else
| # include <assert.h>
| #endif
| 
| #undef chflags
| 
| /* Override any GCC internal prototype to avoid an error.
|    Use char because int might match the return type of a GCC
|    builtin and then its argument prototype would still apply.  */
| #ifdef __cplusplus
| extern "C"
| #endif
| char chflags ();
| /* The GNU C library defines this for functions which it implements
|     to always fail with ENOSYS.  Some functions are actually named
|     something starting with __ and the normal name is an alias.  */
| #if defined __stub_chflags || defined __stub___chflags
| choke me
| #endif
| 
| int
| main ()
| {
| return chflags ();
|   ;
|   return 0;
| }
configure:9668: result: no
configure:9682: checking isnan
configure:9701: gcc -o conftest  -pipe   -Wl,--export-dynamic  conftest.c  >&5
configure:9701: $? = 0
configure:9709: result: yes
configure:9916: checking for fts
configure:9941: gcc -o conftest  -pipe   -Wl,--export-dynamic  conftest.c  >&5
configure:9941: $? = 0
configure:9949: result: yes
configure:9967: checking sys/ioctl.h usability
configure:9967: gcc -c  -pipe  conftest.c >&5
configure:9967: $? = 0
configure:9967: result: yes
configure:9967: checking sys/ioctl.h presence
configure:9967: gcc -E  conftest.c
configure:9967: $? = 0
configure:9967: result: yes
configure:9967: checking for sys/ioctl.h
configure:9967: result: yes
configure:9979: checking sys/filio.h usability
configure:9979: gcc -c  -pipe  conftest.c >&5
conftest.c:86:23: fatal error: sys/filio.h: No such file or directory
compilation terminated.
configure:9979: $? = 1
configure: failed program was:
| /* confdefs.h */
| #define PACKAGE_NAME "tcl"
| #define PACKAGE_TARNAME "tcl"
| #define PACKAGE_VERSION "8.5"
| #define PACKAGE_STRING "tcl 8.5"
| #define PACKAGE_BUGREPORT ""
| #define PACKAGE_URL ""
| #define STDC_HEADERS 1
| #define HAVE_SYS_TYPES_H 1
| #define HAVE_SYS_STAT_H 1
| #define HAVE_STDLIB_H 1
| #define HAVE_STRING_H 1
| #define HAVE_MEMORY_H 1
| #define HAVE_STRINGS_H 1
| #define HAVE_INTTYPES_H 1
| #define HAVE_STDINT_H 1
| #define HAVE_UNISTD_H 1
| #define HAVE_LIMITS_H 1
| #define HAVE_SYS_PARAM_H 1
| #define TCL_CFGVAL_ENCODING "iso8859-1"
| #define STATIC_BUILD 1
| #define MODULE_SCOPE extern __attribute__((__visibility__("hidden")))
| #define TCL_SHLIB_EXT ".so"
| #define TCL_CFG_OPTIMIZED 1
| #define TCL_CFG_DEBUG 1
| #define TCL_TOMMATH 1
| #define MP_PREC 4
| #define _LARGEFILE64_SOURCE 1
| #define TCL_WIDE_INT_IS_LONG 1
| #define HAVE_GETCWD 1
| #define HAVE_OPENDIR 1
| #define HAVE_STRTOL 1
| #define HAVE_WAITPID 1
| #define HAVE_GETADDRINFO 1
| #define USE_TERMIOS 1
| #define HAVE_SYS_TIME_H 1
| #define TIME_WITH_SYS_TIME 1
| #define HAVE_GMTIME_R 1
| #define HAVE_LOCALTIME_R 1
| #define HAVE_MKTIME 1
| #define HAVE_TM_GMTOFF 1
| #define HAVE_TIMEZONE_VAR 1
| #define HAVE_STRUCT_STAT_ST_BLOCKS 1
| #define HAVE_STRUCT_STAT_ST_BLKSIZE 1
| #define HAVE_BLKCNT_T 1
| #define HAVE_INTPTR_T 1
| #define HAVE_UINTPTR_T 1
| #define HAVE_SIGNED_CHAR 1
| #define HAVE_LANGINFO 1
| #define HAVE_FTS 1
| #define HAVE_SYS_IOCTL_H 1
| /* end confdefs.h.  */
| #include <stdio.h>
| #ifdef HAVE_SYS_TYPES_H
| # include <sys/types.h>
| #endif
| #ifdef HAVE_SYS_STAT_H
| # include <sys/stat.h>
| #endif
| #ifdef STDC_HEADERS
| # include <stdlib.h>
| # include <stddef.h>
| #else
| # ifdef HAVE_STDLIB_H
| #  include <stdlib.h>
| # endif
| #endif
| #ifdef HAVE_STRING_H
| # if !defined STDC_HEADERS && defined HAVE_MEMORY_H
| #  include <memory.h>
| # endif
| # include <string.h>
| #endif
| #ifdef HAVE_STRINGS_H
| # include <strings.h>
| #endif
| #ifdef HAVE_INTTYPES_H
| # include <inttypes.h>
| #endif
| #ifdef HAVE_STDINT_H
| # include <stdint.h>
| #endif
| #ifdef HAVE_UNISTD_H
| # include <unistd.h>
| #endif
| #include <sys/filio.h>
configure:9979: result: no
configure:9979: checking sys/filio.h presence
configure:9979: gcc -E  conftest.c
conftest.c:53:23: fatal error: sys/filio.h: No such file or directory
compilation terminated.
configure:9979: $? = 1
configure: failed program was:
| /* confdefs.h */
| #define PACKAGE_NAME "tcl"
| #define PACKAGE_TARNAME "tcl"
| #define PACKAGE_VERSION "8.5"
| #define PACKAGE_STRING "tcl 8.5"
| #define PACKAGE_BUGREPORT ""
| #define PACKAGE_URL ""
| #define STDC_HEADERS 1
| #define HAVE_SYS_TYPES_H 1
| #define HAVE_SYS_STAT_H 1
| #define HAVE_STDLIB_H 1
| #define HAVE_STRING_H 1
| #define HAVE_MEMORY_H 1
| #define HAVE_STRINGS_H 1
| #define HAVE_INTTYPES_H 1
| #define HAVE_STDINT_H 1
| #define HAVE_UNISTD_H 1
| #define HAVE_LIMITS_H 1
| #define HAVE_SYS_PARAM_H 1
| #define TCL_CFGVAL_ENCODING "iso8859-1"
| #define STATIC_BUILD 1
| #define MODULE_SCOPE extern __attribute__((__visibility__("hidden")))
| #define TCL_SHLIB_EXT ".so"
| #define TCL_CFG_OPTIMIZED 1
| #define TCL_CFG_DEBUG 1
| #define TCL_TOMMATH 1
| #define MP_PREC 4
| #define _LARGEFILE64_SOURCE 1
| #define TCL_WIDE_INT_IS_LONG 1
| #define HAVE_GETCWD 1
| #define HAVE_OPENDIR 1
| #define HAVE_STRTOL 1
| #define HAVE_WAITPID 1
| #define HAVE_GETADDRINFO 1
| #define USE_TERMIOS 1
| #define HAVE_SYS_TIME_H 1
| #define TIME_WITH_SYS_TIME 1
| #define HAVE_GMTIME_R 1
| #define HAVE_LOCALTIME_R 1
| #define HAVE_MKTIME 1
| #define HAVE_TM_GMTOFF 1
| #define HAVE_TIMEZONE_VAR 1
| #define HAVE_STRUCT_STAT_ST_BLOCKS 1
| #define HAVE_STRUCT_STAT_ST_BLKSIZE 1
| #define HAVE_BLKCNT_T 1
| #define HAVE_INTPTR_T 1
| #define HAVE_UINTPTR_T 1
| #define HAVE_SIGNED_CHAR 1
| #define HAVE_LANGINFO 1
| #define HAVE_FTS 1
| #define HAVE_SYS_IOCTL_H 1
| /* end confdefs.h.  */
| #include <sys/filio.h>
configure:9979: result: no
configure:9979: checking for sys/filio.h
configure:9979: result: no
configure:9990: checking system version
configure:10018: result: Linux-4.4.0-116-generic
configure:10022: checking FIONBIO vs. O_NONBLOCK for nonblocking I/O
configure:10045: result: O_NONBLOCK
configure:10053: checking whether to use dll unloading
configure:10067: result: yes
configure:10076: checking for timezone data
configure:10117: result: /usr/share/zoneinfo
configure:10199: checking whether to enable DTrace support
configure:10222: result: no
configure:10229: checking if the C stack grows upwards in memory
configure:10253: gcc -o conftest  -pipe   -Wl,--export-dynamic  conftest.c  >&5
configure:10253: $? = 0
configure:10253: ./conftest
configure:10253: $? = 1
configure: program exited with status 1
configure: failed program was:
| /* confdefs.h */
| #define PACKAGE_NAME "tcl"
| #define PACKAGE_TARNAME "tcl"
| #define PACKAGE_VERSION "8.5"
| #define PACKAGE_STRING "tcl 8.5"
| #define PACKAGE_BUGREPORT ""
| #define PACKAGE_URL ""
| #define STDC_HEADERS 1
| #define HAVE_SYS_TYPES_H 1
| #define HAVE_SYS_STAT_H 1
| #define HAVE_STDLIB_H 1
| #define HAVE_STRING_H 1
| #define HAVE_MEMORY_H 1
| #define HAVE_STRINGS_H 1
| #define HAVE_INTTYPES_H 1
| #define HAVE_STDINT_H 1
| #define HAVE_UNISTD_H 1
| #define HAVE_LIMITS_H 1
| #define HAVE_SYS_PARAM_H 1
| #define TCL_CFGVAL_ENCODING "iso8859-1"
| #define STATIC_BUILD 1
| #define MODULE_SCOPE extern __attribute__((__visibility__("hidden")))
| #define TCL_SHLIB_EXT ".so"
| #define TCL_CFG_OPTIMIZED 1
| #define TCL_CFG_DEBUG 1
| #define TCL_TOMMATH 1
| #define MP_PREC 4
| #define _LARGEFILE64_SOURCE 1
| #define TCL_WIDE_INT_IS_LONG 1
| #define HAVE_GETCWD 1
| #define HAVE_OPENDIR 1
| #define HAVE_STRTOL 1
| #define HAVE_WAITPID 1
| #define HAVE_GETADDRINFO 1
| #define USE_TERMIOS 1
| #define HAVE_SYS_TIME_H 1
| #define TIME_WITH_SYS_TIME 1
| #define HAVE_GMTIME_R 1
| #define HAVE_LOCALTIME_R 1
| #define HAVE_MKTIME 1
| #define HAVE_TM_GMTOFF 1
| #define HAVE_TIMEZONE_VAR 1
| #define HAVE_STRUCT_STAT_ST_BLOCKS 1
| #define HAVE_STRUCT_STAT_ST_BLKSIZE 1
| #define HAVE_BLKCNT_T 1
| #define HAVE_INTPTR_T 1
| #define HAVE_UINTPTR_T 1
| #define HAVE_SIGNED_CHAR 1
| #define HAVE_LANGINFO 1
| #define HAVE_FTS 1
| #define HAVE_SYS_IOCTL_H 1
| #define TCL_UNLOAD_DLLS 1
| /* end confdefs.h.  */
| 
| 	int StackGrowsUp(int *parent) {
| 	    int here;
| 	    if (parent)
| 		return (&here < parent);
| 	    else
| 		return StackGrowsUp(&here);
| 	}
| 	int main (int argc, char *argv[]) {
| 	    return StackGrowsUp(0);
| 	}
| 
configure:10263: result: no
configure:10644: creating ./config.status

## ---------------------- ##
## Running config.status. ##
## ---------------------- ##

This file was extended by tcl config.status 8.5, which was
generated by GNU Autoconf 2.69.  Invocation command line was

  CONFIG_FILES    = 
  CONFIG_HEADERS  = 
  CONFIG_LINKS    = 
  CONFIG_COMMANDS = 
  $ ./config.status 

on yeaseen-GL552JX

config.status:818: creating Makefile
config.status:818: creating dltest/Makefile
config.status:818: creating tclConfig.sh
configure:11673: WARNING: unrecognized options: --enable-gcc

## ---------------- ##
## Cache variables. ##
## ---------------- ##

ac_cv_c_bigendian=no
ac_cv_c_char_unsigned=no
ac_cv_c_compiler_gnu=yes
ac_cv_c_inline=inline
ac_cv_env_CC_set=
ac_cv_env_CC_value=
ac_cv_env_CFLAGS_set=
ac_cv_env_CFLAGS_value=
ac_cv_env_CPPFLAGS_set=
ac_cv_env_CPPFLAGS_value=
ac_cv_env_CPP_set=
ac_cv_env_CPP_value=
ac_cv_env_LDFLAGS_set=
ac_cv_env_LDFLAGS_value=
ac_cv_env_LIBS_set=
ac_cv_env_LIBS_value=
ac_cv_env_build_alias_set=
ac_cv_env_build_alias_value=
ac_cv_env_host_alias_set=
ac_cv_env_host_alias_value=
ac_cv_env_target_alias_set=
ac_cv_env_target_alias_value=
ac_cv_func_BSDgettimeofday=no
ac_cv_func_chflags=no
ac_cv_func_connect=yes
ac_cv_func_fstatfs=yes
ac_cv_func_getaddrinfo=yes
ac_cv_func_getcwd=yes
ac_cv_func_gethostbyname=yes
ac_cv_func_gettimeofday=yes
ac_cv_func_getwd=yes
ac_cv_func_gmtime_r=yes
ac_cv_func_localtime_r=yes
ac_cv_func_memcmp_working=yes
ac_cv_func_memmove=yes
ac_cv_func_mktime=yes
ac_cv_func_opendir=yes
ac_cv_func_realpath=yes
ac_cv_func_sin=no
ac_cv_func_strerror=yes
ac_cv_func_strncasecmp=yes
ac_cv_func_strstr=yes
ac_cv_func_strtod=yes
ac_cv_func_strtol=yes
ac_cv_func_strtoul=yes
ac_cv_func_uname=yes
ac_cv_func_wait3=yes
ac_cv_func_waitpid=yes
ac_cv_header_dlfcn_h=yes
ac_cv_header_float_h=yes
ac_cv_header_inttypes_h=yes
ac_cv_header_langinfo_h=yes
ac_cv_header_limits_h=yes
ac_cv_header_memory_h=yes
ac_cv_header_net_errno_h=no
ac_cv_header_stdc=yes
ac_cv_header_stdint_h=yes
ac_cv_header_stdlib_h=yes
ac_cv_header_string_h=yes
ac_cv_header_strings_h=yes
ac_cv_header_sys_filio_h=no
ac_cv_header_sys_ioctl_h=yes
ac_cv_header_sys_modem_h=no
ac_cv_header_sys_param_h=yes
ac_cv_header_sys_stat_h=yes
ac_cv_header_sys_time_h=yes
ac_cv_header_sys_types_h=yes
ac_cv_header_sys_wait_h=yes
ac_cv_header_time=yes
ac_cv_header_unistd_h=yes
ac_cv_header_values_h=yes
ac_cv_lib_dl_dlopen=yes
ac_cv_lib_ieee_main=yes
ac_cv_lib_inet_main=no
ac_cv_member_struct_stat_st_blksize=yes
ac_cv_member_struct_stat_st_blocks=yes
ac_cv_objext=o
ac_cv_path_EGREP='/bin/grep -E'
ac_cv_path_GREP=/bin/grep
ac_cv_prog_CPP='gcc -E'
ac_cv_prog_ac_ct_AR=ar
ac_cv_prog_ac_ct_CC=gcc
ac_cv_prog_ac_ct_RANLIB=ranlib
ac_cv_prog_cc_c89=
ac_cv_prog_cc_g=yes
ac_cv_type_blkcnt_t=yes
ac_cv_type_intptr_t=yes
ac_cv_type_mode_t=yes
ac_cv_type_pid_t=yes
ac_cv_type_size_t=yes
ac_cv_type_uid_t=yes
ac_cv_type_uintptr_t=yes
tcl_cv_api_fts=yes
tcl_cv_api_getaddrinfo=yes
tcl_cv_api_serial=termios
tcl_cv_cc_pipe=yes
tcl_cv_cc_visibility_hidden=yes
tcl_cv_char_signed=yes
tcl_cv_dir_zoneinfo=/usr/share/zoneinfo
tcl_cv_dirent_h=yes
tcl_cv_flag__isoc99_source=no
tcl_cv_flag__largefile64_source=yes
tcl_cv_flag__largefile_source64=no
tcl_cv_grep_gettimeofday=present
tcl_cv_isnan=yes
tcl_cv_langinfo_h=yes
tcl_cv_member_tm_gmtoff=yes
tcl_cv_member_tm_tzadj=no
tcl_cv_putenv_copy=no
tcl_cv_stack_grows_up=no
tcl_cv_strstr_unbroken=ok
tcl_cv_strtod_buggy=ok
tcl_cv_strtod_unbroken=ok
tcl_cv_strtoul_unbroken=ok
tcl_cv_sys_version=Linux-4.4.0-116-generic
tcl_cv_timezone_long=yes
tcl_cv_type_64bit=none
tcl_cv_type_fd_set=yes
tcl_cv_type_socklen_t=yes
tcl_cv_union_wait=yes

## ----------------- ##
## Output variables. ##
## ----------------- ##

AR='ar'
BUILD_DLTEST='$(DLTEST_TARGETS)'
CC='gcc'
CC_SEARCH_FLAGS='-Wl,-rpath,${LIB_RUNTIME_DIR}'
CFG_TCL_SHARED_LIB_SUFFIX='${VERSION}.so'
CFG_TCL_UNSHARED_LIB_SUFFIX='${VERSION}.a'
CFLAGS=' -pipe '
CFLAGS_DEBUG='-g'
CFLAGS_DEFAULT='$(CFLAGS_OPTIMIZE)'
CFLAGS_OPTIMIZE='-O2'
CFLAGS_WARNING='-Wall'
CPP='gcc -E'
CPPFLAGS=''
DEFS='-DPACKAGE_NAME=\"tcl\" -DPACKAGE_TARNAME=\"tcl\" -DPACKAGE_VERSION=\"8.5\" -DPACKAGE_STRING=\"tcl\ 8.5\" -DPACKAGE_BUGREPORT=\"\" -DPACKAGE_URL=\"\" -DSTDC_HEADERS=1 -DHAVE_SYS_TYPES_H=1 -DHAVE_SYS_STAT_H=1 -DHAVE_STDLIB_H=1 -DHAVE_STRING_H=1 -DHAVE_MEMORY_H=1 -DHAVE_STRINGS_H=1 -DHAVE_INTTYPES_H=1 -DHAVE_STDINT_H=1 -DHAVE_UNISTD_H=1 -DHAVE_LIMITS_H=1 -DHAVE_SYS_PARAM_H=1 -DTCL_CFGVAL_ENCODING=\"iso8859-1\" -DSTATIC_BUILD=1 -DMODULE_SCOPE=extern\ __attribute__\(\(__visibility__\(\"hidden\"\)\)\) -DTCL_SHLIB_EXT=\".so\" -DTCL_CFG_OPTIMIZED=1 -DTCL_CFG_DEBUG=1 -DTCL_TOMMATH=1 -DMP_PREC=4 -D_LARGEFILE64_SOURCE=1 -DTCL_WIDE_INT_IS_LONG=1 -DHAVE_GETCWD=1 -DHAVE_OPENDIR=1 -DHAVE_STRTOL=1 -DHAVE_WAITPID=1 -DHAVE_GETADDRINFO=1 -DUSE_TERMIOS=1 -DHAVE_SYS_TIME_H=1 -DTIME_WITH_SYS_TIME=1 -DHAVE_GMTIME_R=1 -DHAVE_LOCALTIME_R=1 -DHAVE_MKTIME=1 -DHAVE_TM_GMTOFF=1 -DHAVE_TIMEZONE_VAR=1 -DHAVE_STRUCT_STAT_ST_BLOCKS=1 -DHAVE_STRUCT_STAT_ST_BLKSIZE=1 -DHAVE_BLKCNT_T=1 -DHAVE_INTPTR_T=1 -DHAVE_UINTPTR_T=1 -DHAVE_SIGNED_CHAR=1 -DHAVE_LANGINFO=1 -DHAVE_FTS=1 -DHAVE_SYS_IOCTL_H=1 -DTCL_UNLOAD_DLLS=1'
DLTEST_LD='${SHLIB_LD}'
DLTEST_SUFFIX=''
DL_LIBS='-ldl'
DL_OBJS='tclLoadDl.o'
DTRACE=''
DTRACE_HDR=''
DTRACE_OBJ=''
DTRACE_SRC=''
ECHO_C=''
ECHO_N='-n'
ECHO_T=''
EGREP='/bin/grep -E'
EXEEXT=''
EXTRA_APP_CC_SWITCHES=''
EXTRA_BUILD_HTML=''
EXTRA_CC_SWITCHES=''
EXTRA_INSTALL=''
EXTRA_INSTALL_BINARIES=''
EXTRA_TCLSH_LIBS=''
GREP='/bin/grep'
HTML_DIR='$(DISTDIR)/html'
INSTALL_LIB='$(INSTALL_LIBRARY) $(LIB_FILE) "$(LIB_INSTALL_DIR)"/$(LIB_FILE) ; (cd "$(LIB_INSTALL_DIR)" ; $(RANLIB) $(LIB_FILE))'
INSTALL_STUB_LIB='$(INSTALL_LIBRARY) $(STUB_LIB_FILE) "$(LIB_INSTALL_DIR)"/$(STUB_LIB_FILE) ; (cd "$(LIB_INSTALL_DIR)" ; $(RANLIB) $(STUB_LIB_FILE))'
INSTALL_TZDATA=''
LDAIX_SRC=''
LDFLAGS=' -Wl,--export-dynamic '
LDFLAGS_DEBUG=''
LDFLAGS_DEFAULT='$(LDFLAGS_OPTIMIZE)'
LDFLAGS_OPTIMIZE=''
LD_LIBRARY_PATH_VAR='LD_LIBRARY_PATH'
LD_SEARCH_FLAGS='-Wl,-rpath,${LIB_RUNTIME_DIR}'
LIBOBJS=''
LIBS=''
MAKEFILE_SHELL='/bin/sh'
MAKE_LIB='${STLIB_LD} $@ ${OBJS} ; ${RANLIB} $@'
MAKE_STUB_LIB='${STLIB_LD} $@ ${STUB_LIB_OBJS} ; ${RANLIB} $@'
MAN_FLAGS=''
OBJEXT='o'
PACKAGE_BUGREPORT=''
PACKAGE_NAME='tcl'
PACKAGE_STRING='tcl 8.5'
PACKAGE_TARNAME='tcl'
PACKAGE_URL=''
PACKAGE_VERSION='8.5'
PATH_SEPARATOR=':'
PLAT_OBJS=''
PLAT_SRCS=''
PRIVATE_INCLUDE_DIR='$(includedir)'
RANLIB='ranlib'
SHELL='/bin/bash'
SHLIB_CFLAGS='-fPIC'
SHLIB_LD='${CC} -shared ${CFLAGS} ${LDFLAGS}'
SHLIB_LD_LIBS='${LIBS}'
SHLIB_SUFFIX='.so'
STLIB_LD='${AR} cr'
TCL_BUILD_LIB_SPEC='-L/home/yeaseen/ns-allinone-2.35/tcl8.5.10/unix -ltcl8.5'
TCL_BUILD_STUB_LIB_PATH='/home/yeaseen/ns-allinone-2.35/tcl8.5.10/unix/libtclstub8.5.a'
TCL_BUILD_STUB_LIB_SPEC='-L/home/yeaseen/ns-allinone-2.35/tcl8.5.10/unix -ltclstub8.5'
TCL_HAS_LONGLONG=''
TCL_INCLUDE_SPEC='-I/home/yeaseen/ns-allinone-2.35/include'
TCL_LIBRARY='$(prefix)/lib/tcl$(VERSION)'
TCL_LIBS='-ldl  -lieee -lm'
TCL_LIB_FILE='libtcl8.5.a'
TCL_LIB_FLAG='-ltcl8.5'
TCL_LIB_SPEC='-L/home/yeaseen/ns-allinone-2.35/lib -ltcl8.5'
TCL_LIB_VERSIONS_OK='ok'
TCL_MAJOR_VERSION='8'
TCL_MINOR_VERSION='5'
TCL_MODULE_PATH=''
TCL_PACKAGE_PATH='/home/yeaseen/ns-allinone-2.35/lib '
TCL_PATCH_LEVEL='.10'
TCL_SHARED_BUILD='0'
TCL_SHARED_LIB_SUFFIX='${VERSION}${SHLIB_SUFFIX}'
TCL_SHLIB_LD_EXTRAS=''
TCL_SRC_DIR='/home/yeaseen/ns-allinone-2.35/tcl8.5.10'
TCL_STUB_LIB_FILE='libtclstub8.5.a'
TCL_STUB_LIB_FLAG='-ltclstub8.5'
TCL_STUB_LIB_PATH='/home/yeaseen/ns-allinone-2.35/lib/libtclstub8.5.a'
TCL_STUB_LIB_SPEC='-L/home/yeaseen/ns-allinone-2.35/lib -ltclstub8.5'
TCL_THREADS='0'
TCL_UNSHARED_LIB_SUFFIX='${VERSION}.a'
TCL_VERSION='8.5'
TCL_YEAR=''
TK_SHLIB_LD_EXTRAS=''
ac_ct_CC='gcc'
bindir='${exec_prefix}/bin'
build_alias=''
datadir='${datarootdir}'
datarootdir='${prefix}/share'
docdir='${datarootdir}/doc/${PACKAGE_TARNAME}'
dvidir='${docdir}'
exec_prefix='/home/yeaseen/ns-allinone-2.35'
host_alias=''
htmldir='${docdir}'
includedir='${prefix}/include'
infodir='${datarootdir}/info'
libdir='/home/yeaseen/ns-allinone-2.35/lib'
libexecdir='${exec_prefix}/libexec'
localedir='${datarootdir}/locale'
localstatedir='${prefix}/var'
mandir='${datarootdir}/man'
oldincludedir='/usr/include'
pdfdir='${docdir}'
prefix='/home/yeaseen/ns-allinone-2.35'
program_transform_name='s,x,x,'
psdir='${docdir}'
runstatedir='${localstatedir}/run'
sbindir='${exec_prefix}/sbin'
sharedstatedir='${prefix}/com'
sysconfdir='${prefix}/etc'
target_alias=''

## ----------- ##
## confdefs.h. ##
## ----------- ##

/* confdefs.h */
#define PACKAGE_NAME "tcl"
#define PACKAGE_TARNAME "tcl"
#define PACKAGE_VERSION "8.5"
#define PACKAGE_STRING "tcl 8.5"
#define PACKAGE_BUGREPORT ""
#define PACKAGE_URL ""
#define STDC_HEADERS 1
#define HAVE_SYS_TYPES_H 1
#define HAVE_SYS_STAT_H 1
#define HAVE_STDLIB_H 1
#define HAVE_STRING_H 1
#define HAVE_MEMORY_H 1
#define HAVE_STRINGS_H 1
#define HAVE_INTTYPES_H 1
#define HAVE_STDINT_H 1
#define HAVE_UNISTD_H 1
#define HAVE_LIMITS_H 1
#define HAVE_SYS_PARAM_H 1
#define TCL_CFGVAL_ENCODING "iso8859-1"
#define STATIC_BUILD 1
#define MODULE_SCOPE extern __attribute__((__visibility__("hidden")))
#define TCL_SHLIB_EXT ".so"
#define TCL_CFG_OPTIMIZED 1
#define TCL_CFG_DEBUG 1
#define TCL_TOMMATH 1
#define MP_PREC 4
#define _LARGEFILE64_SOURCE 1
#define TCL_WIDE_INT_IS_LONG 1
#define HAVE_GETCWD 1
#define HAVE_OPENDIR 1
#define HAVE_STRTOL 1
#define HAVE_WAITPID 1
#define HAVE_GETADDRINFO 1
#define USE_TERMIOS 1
#define HAVE_SYS_TIME_H 1
#define TIME_WITH_SYS_TIME 1
#define HAVE_GMTIME_R 1
#define HAVE_LOCALTIME_R 1
#define HAVE_MKTIME 1
#define HAVE_TM_GMTOFF 1
#define HAVE_TIMEZONE_VAR 1
#define HAVE_STRUCT_STAT_ST_BLOCKS 1
#define HAVE_STRUCT_STAT_ST_BLKSIZE 1
#define HAVE_BLKCNT_T 1
#define HAVE_INTPTR_T 1
#define HAVE_UINTPTR_T 1
#define HAVE_SIGNED_CHAR 1
#define HAVE_LANGINFO 1
#define HAVE_FTS 1
#define HAVE_SYS_IOCTL_H 1
#define TCL_UNLOAD_DLLS 1

configure: exit 0
