This file contains any messages produced by compilers while
running configure, to aid debugging if configure makes a mistake.

It was created by dei80211mr configure 1.1.4, which was
generated by GNU Autoconf 2.61.  Invocation command line was

  $ ./configure --with-ns-allinone=/home/yeaseen/ns-allinone-2.35 --prefix=/home/yeaseen/ns-allinone-2.35

## --------- ##
## Platform. ##
## --------- ##

hostname = yeaseen-GL552JX
uname -m = x86_64
uname -r = 4.4.0-116-generic
uname -s = Linux
uname -v = #140-Ubuntu SMP Mon Feb 12 21:23:04 UTC 2018

/usr/bin/uname -p = unknown
/bin/uname -X     = unknown

/bin/arch              = unknown
/usr/bin/arch -k       = unknown
/usr/convex/getsysinfo = unknown
/usr/bin/hostinfo      = unknown
/bin/machine           = unknown
/usr/bin/oslevel       = unknown
/bin/universe          = unknown

PATH: /home/yeaseen/ns-allinone-2.35/bin
PATH: /home/yeaseen/bin
PATH: /usr/local/sbin
PATH: /usr/local/bin
PATH: /usr/sbin
PATH: /usr/bin
PATH: /sbin
PATH: /bin
PATH: /usr/games
PATH: /usr/local/games
PATH: /snap/bin


## ----------- ##
## Core tests. ##
## ----------- ##

configure:1989: checking for a BSD-compatible install
configure:2045: result: /usr/bin/install -c
configure:2056: checking whether build environment is sane
configure:2099: result: yes
configure:2127: checking for a thread-safe mkdir -p
configure:2166: result: /bin/mkdir -p
configure:2179: checking for gawk
configure:2209: result: no
configure:2179: checking for mawk
configure:2195: found /usr/bin/mawk
configure:2206: result: mawk
configure:2217: checking whether make sets $(MAKE)
configure:2238: result: yes
configure:2484: checking for g++
configure:2500: found /usr/bin/g++
configure:2511: result: g++
configure:2542: checking for C++ compiler version
configure:2549: g++ --version >&5
g++ (Ubuntu 5.4.0-6ubuntu1~16.04.9) 5.4.0 20160609
Copyright (C) 2015 Free Software Foundation, Inc.
This is free software; see the source for copying conditions.  There is NO
warranty; not even for MERCHANTABILITY or FITNESS FOR A PARTICULAR PURPOSE.

configure:2552: $? = 0
configure:2559: g++ -v >&5
Using built-in specs.
COLLECT_GCC=g++
COLLECT_LTO_WRAPPER=/usr/lib/gcc/x86_64-linux-gnu/5/lto-wrapper
Target: x86_64-linux-gnu
Configured with: ../src/configure -v --with-pkgversion='Ubuntu 5.4.0-6ubuntu1~16.04.9' --with-bugurl=file:///usr/share/doc/gcc-5/README.Bugs --enable-languages=c,ada,c++,java,go,d,fortran,objc,obj-c++ --prefix=/usr --program-suffix=-5 --enable-shared --enable-linker-build-id --libexecdir=/usr/lib --without-included-gettext --enable-threads=posix --libdir=/usr/lib --enable-nls --with-sysroot=/ --enable-clocale=gnu --enable-libstdcxx-debug --enable-libstdcxx-time=yes --with-default-libstdcxx-abi=new --enable-gnu-unique-object --disable-vtable-verify --enable-libmpx --enable-plugin --with-system-zlib --disable-browser-plugin --enable-java-awt=gtk --enable-gtk-cairo --with-java-home=/usr/lib/jvm/java-1.5.0-gcj-5-amd64/jre --enable-java-home --with-jvm-root-dir=/usr/lib/jvm/java-1.5.0-gcj-5-amd64 --with-jvm-jar-dir=/usr/lib/jvm-exports/java-1.5.0-gcj-5-amd64 --with-arch-directory=amd64 --with-ecj-jar=/usr/share/java/eclipse-ecj.jar --enable-objc-gc --enable-multiarch --disable-werror --with-arch-32=i686 --with-abi=m64 --with-multilib-list=m32,m64,mx32 --enable-multilib --with-tune=generic --enable-checking=release --build=x86_64-linux-gnu --host=x86_64-linux-gnu --target=x86_64-linux-gnu
Thread model: posix
gcc version 5.4.0 20160609 (Ubuntu 5.4.0-6ubuntu1~16.04.9) 
configure:2562: $? = 0
configure:2569: g++ -V >&5
g++: error: unrecognized command line option '-V'
g++: fatal error: no input files
compilation terminated.
configure:2572: $? = 1
configure:2595: checking for C++ compiler default output file name
configure:2622: g++    conftest.cpp  >&5
configure:2625: $? = 0
configure:2663: result: a.out
configure:2680: checking whether the C++ compiler works
configure:2690: ./a.out
configure:2693: $? = 0
configure:2710: result: yes
configure:2717: checking whether we are cross compiling
configure:2719: result: no
configure:2722: checking for suffix of executables
configure:2729: g++ -o conftest    conftest.cpp  >&5
configure:2732: $? = 0
configure:2756: result: 
configure:2762: checking for suffix of object files
configure:2788: g++ -c   conftest.cpp >&5
configure:2791: $? = 0
configure:2814: result: o
configure:2818: checking whether we are using the GNU C++ compiler
configure:2847: g++ -c   conftest.cpp >&5
configure:2853: $? = 0
configure:2870: result: yes
configure:2875: checking whether g++ accepts -g
configure:2905: g++ -c -g  conftest.cpp >&5
configure:2911: $? = 0
configure:3010: result: yes
configure:3044: checking for style of include used by make
configure:3072: result: GNU
configure:3097: checking dependency style of g++
configure:3188: result: gcc3
configure:3203: checking whether make sets $(MAKE)
configure:3224: result: yes
configure:3317: checking build system type
configure:3335: result: x86_64-unknown-linux-gnu
configure:3357: checking host system type
configure:3372: result: x86_64-unknown-linux-gnu
configure:3442: checking for gcc
configure:3458: found /usr/bin/gcc
configure:3469: result: gcc
configure:3707: checking for C compiler version
configure:3714: gcc --version >&5
gcc (Ubuntu 5.4.0-6ubuntu1~16.04.9) 5.4.0 20160609
Copyright (C) 2015 Free Software Foundation, Inc.
This is free software; see the source for copying conditions.  There is NO
warranty; not even for MERCHANTABILITY or FITNESS FOR A PARTICULAR PURPOSE.

configure:3717: $? = 0
configure:3724: gcc -v >&5
Using built-in specs.
COLLECT_GCC=gcc
COLLECT_LTO_WRAPPER=/usr/lib/gcc/x86_64-linux-gnu/5/lto-wrapper
Target: x86_64-linux-gnu
Configured with: ../src/configure -v --with-pkgversion='Ubuntu 5.4.0-6ubuntu1~16.04.9' --with-bugurl=file:///usr/share/doc/gcc-5/README.Bugs --enable-languages=c,ada,c++,java,go,d,fortran,objc,obj-c++ --prefix=/usr --program-suffix=-5 --enable-shared --enable-linker-build-id --libexecdir=/usr/lib --without-included-gettext --enable-threads=posix --libdir=/usr/lib --enable-nls --with-sysroot=/ --enable-clocale=gnu --enable-libstdcxx-debug --enable-libstdcxx-time=yes --with-default-libstdcxx-abi=new --enable-gnu-unique-object --disable-vtable-verify --enable-libmpx --enable-plugin --with-system-zlib --disable-browser-plugin --enable-java-awt=gtk --enable-gtk-cairo --with-java-home=/usr/lib/jvm/java-1.5.0-gcj-5-amd64/jre --enable-java-home --with-jvm-root-dir=/usr/lib/jvm/java-1.5.0-gcj-5-amd64 --with-jvm-jar-dir=/usr/lib/jvm-exports/java-1.5.0-gcj-5-amd64 --with-arch-directory=amd64 --with-ecj-jar=/usr/share/java/eclipse-ecj.jar --enable-objc-gc --enable-multiarch --disable-werror --with-arch-32=i686 --with-abi=m64 --with-multilib-list=m32,m64,mx32 --enable-multilib --with-tune=generic --enable-checking=release --build=x86_64-linux-gnu --host=x86_64-linux-gnu --target=x86_64-linux-gnu
Thread model: posix
gcc version 5.4.0 20160609 (Ubuntu 5.4.0-6ubuntu1~16.04.9) 
configure:3727: $? = 0
configure:3734: gcc -V >&5
gcc: error: unrecognized command line option '-V'
gcc: fatal error: no input files
compilation terminated.
configure:3737: $? = 1
configure:3740: checking whether we are using the GNU C compiler
configure:3769: gcc -c   conftest.c >&5
configure:3775: $? = 0
configure:3792: result: yes
configure:3797: checking whether gcc accepts -g
configure:3827: gcc -c -g  conftest.c >&5
configure:3833: $? = 0
configure:3932: result: yes
configure:3949: checking for gcc option to accept ISO C89
configure:4023: gcc  -c -g -O2  conftest.c >&5
configure:4029: $? = 0
configure:4052: result: none needed
configure:4072: checking dependency style of gcc
configure:4163: result: gcc3
configure:4178: checking for a sed that does not truncate output
configure:4234: result: /bin/sed
configure:4237: checking for grep that handles long lines and -e
configure:4311: result: /bin/grep
configure:4316: checking for egrep
configure:4394: result: /bin/grep -E
configure:4410: checking for ld used by gcc
configure:4477: result: /usr/bin/ld
configure:4486: checking if the linker (/usr/bin/ld) is GNU ld
configure:4501: result: yes
configure:4506: checking for /usr/bin/ld option to reload object files
configure:4513: result: -r
configure:4531: checking for BSD-compatible nm
configure:4580: result: /usr/bin/nm -B
configure:4584: checking whether ln -s works
configure:4588: result: yes
configure:4595: checking how to recognize dependent libraries
configure:4781: result: pass_all
configure:4870: gcc -c -g -O2  conftest.c >&5
configure:4873: $? = 0
configure:5313: checking how to run the C preprocessor
configure:5353: gcc -E  conftest.c
configure:5359: $? = 0
configure:5390: gcc -E  conftest.c
conftest.c:10:28: fatal error: ac_nonexistent.h: No such file or directory
compilation terminated.
configure:5396: $? = 1
configure: failed program was:
| /* confdefs.h.  */
| #define PACKAGE_NAME "dei80211mr"
| #define PACKAGE_TARNAME "dei80211mr"
| #define PACKAGE_VERSION "1.1.4"
| #define PACKAGE_STRING "dei80211mr 1.1.4"
| #define PACKAGE_BUGREPORT ""
| #define PACKAGE "dei80211mr"
| #define VERSION "1.1.4"
| /* end confdefs.h.  */
| #include <ac_nonexistent.h>
configure:5429: result: gcc -E
configure:5458: gcc -E  conftest.c
configure:5464: $? = 0
configure:5495: gcc -E  conftest.c
conftest.c:10:28: fatal error: ac_nonexistent.h: No such file or directory
compilation terminated.
configure:5501: $? = 1
configure: failed program was:
| /* confdefs.h.  */
| #define PACKAGE_NAME "dei80211mr"
| #define PACKAGE_TARNAME "dei80211mr"
| #define PACKAGE_VERSION "1.1.4"
| #define PACKAGE_STRING "dei80211mr 1.1.4"
| #define PACKAGE_BUGREPORT ""
| #define PACKAGE "dei80211mr"
| #define VERSION "1.1.4"
| /* end confdefs.h.  */
| #include <ac_nonexistent.h>
configure:5539: checking for ANSI C header files
configure:5569: gcc -c -g -O2  conftest.c >&5
configure:5575: $? = 0
configure:5674: gcc -o conftest -g -O2   conftest.c  >&5
configure:5677: $? = 0
configure:5683: ./conftest
configure:5686: $? = 0
configure:5703: result: yes
configure:5727: checking for sys/types.h
configure:5748: gcc -c -g -O2  conftest.c >&5
configure:5754: $? = 0
configure:5770: result: yes
configure:5727: checking for sys/stat.h
configure:5748: gcc -c -g -O2  conftest.c >&5
configure:5754: $? = 0
configure:5770: result: yes
configure:5727: checking for stdlib.h
configure:5748: gcc -c -g -O2  conftest.c >&5
configure:5754: $? = 0
configure:5770: result: yes
configure:5727: checking for string.h
configure:5748: gcc -c -g -O2  conftest.c >&5
configure:5754: $? = 0
configure:5770: result: yes
configure:5727: checking for memory.h
configure:5748: gcc -c -g -O2  conftest.c >&5
configure:5754: $? = 0
configure:5770: result: yes
configure:5727: checking for strings.h
configure:5748: gcc -c -g -O2  conftest.c >&5
configure:5754: $? = 0
configure:5770: result: yes
configure:5727: checking for inttypes.h
configure:5748: gcc -c -g -O2  conftest.c >&5
configure:5754: $? = 0
configure:5770: result: yes
configure:5727: checking for stdint.h
configure:5748: gcc -c -g -O2  conftest.c >&5
configure:5754: $? = 0
configure:5770: result: yes
configure:5727: checking for unistd.h
configure:5748: gcc -c -g -O2  conftest.c >&5
configure:5754: $? = 0
configure:5770: result: yes
configure:5797: checking dlfcn.h usability
configure:5814: gcc -c -g -O2  conftest.c >&5
configure:5820: $? = 0
configure:5834: result: yes
configure:5838: checking dlfcn.h presence
configure:5853: gcc -E  conftest.c
configure:5859: $? = 0
configure:5873: result: yes
configure:5901: checking for dlfcn.h
configure:5909: result: yes
configure:5932: checking how to run the C++ preprocessor
configure:5968: g++ -E  conftest.cpp
configure:5974: $? = 0
configure:6005: g++ -E  conftest.cpp
conftest.cpp:21:28: fatal error: ac_nonexistent.h: No such file or directory
compilation terminated.
configure:6011: $? = 1
configure: failed program was:
| /* confdefs.h.  */
| #define PACKAGE_NAME "dei80211mr"
| #define PACKAGE_TARNAME "dei80211mr"
| #define PACKAGE_VERSION "1.1.4"
| #define PACKAGE_STRING "dei80211mr 1.1.4"
| #define PACKAGE_BUGREPORT ""
| #define PACKAGE "dei80211mr"
| #define VERSION "1.1.4"
| #define STDC_HEADERS 1
| #define HAVE_SYS_TYPES_H 1
| #define HAVE_SYS_STAT_H 1
| #define HAVE_STDLIB_H 1
| #define HAVE_STRING_H 1
| #define HAVE_MEMORY_H 1
| #define HAVE_STRINGS_H 1
| #define HAVE_INTTYPES_H 1
| #define HAVE_STDINT_H 1
| #define HAVE_UNISTD_H 1
| #define HAVE_DLFCN_H 1
| /* end confdefs.h.  */
| #include <ac_nonexistent.h>
configure:6044: result: g++ -E
configure:6073: g++ -E  conftest.cpp
configure:6079: $? = 0
configure:6110: g++ -E  conftest.cpp
conftest.cpp:21:28: fatal error: ac_nonexistent.h: No such file or directory
compilation terminated.
configure:6116: $? = 1
configure: failed program was:
| /* confdefs.h.  */
| #define PACKAGE_NAME "dei80211mr"
| #define PACKAGE_TARNAME "dei80211mr"
| #define PACKAGE_VERSION "1.1.4"
| #define PACKAGE_STRING "dei80211mr 1.1.4"
| #define PACKAGE_BUGREPORT ""
| #define PACKAGE "dei80211mr"
| #define VERSION "1.1.4"
| #define STDC_HEADERS 1
| #define HAVE_SYS_TYPES_H 1
| #define HAVE_SYS_STAT_H 1
| #define HAVE_STDLIB_H 1
| #define HAVE_STRING_H 1
| #define HAVE_MEMORY_H 1
| #define HAVE_STRINGS_H 1
| #define HAVE_INTTYPES_H 1
| #define HAVE_STDINT_H 1
| #define HAVE_UNISTD_H 1
| #define HAVE_DLFCN_H 1
| /* end confdefs.h.  */
| #include <ac_nonexistent.h>
configure:6209: checking for g77
configure:6239: result: no
configure:6209: checking for xlf
configure:6239: result: no
configure:6209: checking for f77
configure:6225: found /usr/bin/f77
configure:6236: result: f77
configure:6266: checking for Fortran 77 compiler version
configure:6273: f77 --version >&5
GNU Fortran (Ubuntu 5.4.0-6ubuntu1~16.04.9) 5.4.0 20160609
Copyright (C) 2015 Free Software Foundation, Inc.

GNU Fortran comes with NO WARRANTY, to the extent permitted by law.
You may redistribute copies of GNU Fortran
under the terms of the GNU General Public License.
For more information about these matters, see the file named COPYING

configure:6276: $? = 0
configure:6283: f77 -v >&5
Using built-in specs.
COLLECT_GCC=f77
COLLECT_LTO_WRAPPER=/usr/lib/gcc/x86_64-linux-gnu/5/lto-wrapper
Target: x86_64-linux-gnu
Configured with: ../src/configure -v --with-pkgversion='Ubuntu 5.4.0-6ubuntu1~16.04.9' --with-bugurl=file:///usr/share/doc/gcc-5/README.Bugs --enable-languages=c,ada,c++,java,go,d,fortran,objc,obj-c++ --prefix=/usr --program-suffix=-5 --enable-shared --enable-linker-build-id --libexecdir=/usr/lib --without-included-gettext --enable-threads=posix --libdir=/usr/lib --enable-nls --with-sysroot=/ --enable-clocale=gnu --enable-libstdcxx-debug --enable-libstdcxx-time=yes --with-default-libstdcxx-abi=new --enable-gnu-unique-object --disable-vtable-verify --enable-libmpx --enable-plugin --with-system-zlib --disable-browser-plugin --enable-java-awt=gtk --enable-gtk-cairo --with-java-home=/usr/lib/jvm/java-1.5.0-gcj-5-amd64/jre --enable-java-home --with-jvm-root-dir=/usr/lib/jvm/java-1.5.0-gcj-5-amd64 --with-jvm-jar-dir=/usr/lib/jvm-exports/java-1.5.0-gcj-5-amd64 --with-arch-directory=amd64 --with-ecj-jar=/usr/share/java/eclipse-ecj.jar --enable-objc-gc --enable-multiarch --disable-werror --with-arch-32=i686 --with-abi=m64 --with-multilib-list=m32,m64,mx32 --enable-multilib --with-tune=generic --enable-checking=release --build=x86_64-linux-gnu --host=x86_64-linux-gnu --target=x86_64-linux-gnu
Thread model: posix
gcc version 5.4.0 20160609 (Ubuntu 5.4.0-6ubuntu1~16.04.9) 
configure:6286: $? = 0
configure:6293: f77 -V >&5
f77: error: unrecognized command line option '-V'
f77: fatal error: no input files
compilation terminated.
configure:6296: $? = 1
configure:6304: checking whether we are using the GNU Fortran 77 compiler
configure:6323: f77 -c  conftest.F >&5
configure:6329: $? = 0
configure:6346: result: yes
configure:6352: checking whether f77 accepts -g
configure:6369: f77 -c -g conftest.f >&5
configure:6375: $? = 0
configure:6391: result: yes
configure:6421: checking the maximum length of command line arguments
configure:6533: result: 1572864
configure:6545: checking command to parse /usr/bin/nm -B output from gcc object
configure:6650: gcc -c -g -O2  conftest.c >&5
configure:6653: $? = 0
configure:6657: /usr/bin/nm -B conftest.o \| sed -n -e 's/^.*[ 	]\([ABCDGIRSTW][ABCDGIRSTW]*\)[ 	][ 	]*\([_A-Za-z][_A-Za-z0-9]*\)$/\1 \2 \2/p' \> conftest.nm
configure:6660: $? = 0
configure:6712: gcc -o conftest -g -O2   conftest.c conftstm.o >&5
configure:6715: $? = 0
configure:6753: result: ok
configure:6757: checking for objdir
configure:6772: result: .libs
configure:6864: checking for ar
configure:6880: found /usr/bin/ar
configure:6891: result: ar
configure:6960: checking for ranlib
configure:6976: found /usr/bin/ranlib
configure:6987: result: ranlib
configure:7056: checking for strip
configure:7072: found /usr/bin/strip
configure:7083: result: strip
configure:7369: checking if gcc supports -fno-rtti -fno-exceptions
configure:7387: gcc -c -g -O2  -fno-rtti -fno-exceptions conftest.c >&5
cc1: warning: command line option '-fno-rtti' is valid for C++/ObjC++ but not for C
configure:7391: $? = 0
configure:7404: result: no
configure:7419: checking for gcc option to produce PIC
configure:7651: result: -fPIC
configure:7659: checking if gcc PIC flag -fPIC works
configure:7677: gcc -c -g -O2  -fPIC -DPIC conftest.c >&5
configure:7681: $? = 0
configure:7694: result: yes
configure:7722: checking if gcc static flag -static works
configure:7750: result: yes
configure:7760: checking if gcc supports -c -o file.o
configure:7781: gcc -c -g -O2  -o out/conftest2.o conftest.c >&5
configure:7785: $? = 0
configure:7807: result: yes
configure:7833: checking whether the gcc linker (/usr/bin/ld -m elf_x86_64) supports shared libraries
configure:8813: result: yes
configure:8834: checking whether -lc should be explicitly linked in
configure:8839: gcc -c -g -O2  conftest.c >&5
configure:8842: $? = 0
configure:8857: gcc -shared conftest.o  -v -Wl,-soname -Wl,conftest -o conftest 2\>\&1 \| grep  -lc  \>/dev/null 2\>\&1
configure:8860: $? = 0
configure:8872: result: no
configure:8880: checking dynamic linker characteristics
configure:9484: result: GNU/Linux ld.so
configure:9493: checking how to hardcode library paths into programs
configure:9518: result: immediate
configure:9532: checking whether stripping libraries is possible
configure:9537: result: yes
configure:10339: checking if libtool supports shared libraries
configure:10341: result: yes
configure:10344: checking whether to build shared libraries
configure:10365: result: yes
configure:10368: checking whether to build static libraries
configure:10372: result: no
configure:10465: creating libtool
configure:11053: checking for ld used by g++
configure:11120: result: /usr/bin/ld -m elf_x86_64
configure:11129: checking if the linker (/usr/bin/ld -m elf_x86_64) is GNU ld
configure:11144: result: yes
configure:11195: checking whether the g++ linker (/usr/bin/ld -m elf_x86_64) supports shared libraries
configure:12169: result: yes
configure:12187: g++ -c -g -O2  conftest.cpp >&5
configure:12190: $? = 0
configure:12342: checking for g++ option to produce PIC
configure:12626: result: -fPIC
configure:12634: checking if g++ PIC flag -fPIC works
configure:12652: g++ -c -g -O2  -fPIC -DPIC conftest.cpp >&5
configure:12656: $? = 0
configure:12669: result: yes
configure:12697: checking if g++ static flag -static works
configure:12725: result: yes
configure:12735: checking if g++ supports -c -o file.o
configure:12756: g++ -c -g -O2  -o out/conftest2.o conftest.cpp >&5
configure:12760: $? = 0
configure:12782: result: yes
configure:12808: checking whether the g++ linker (/usr/bin/ld -m elf_x86_64) supports shared libraries
configure:12833: result: yes
configure:12900: checking dynamic linker characteristics
configure:13452: result: GNU/Linux ld.so
configure:13461: checking how to hardcode library paths into programs
configure:13486: result: immediate
configure:14020: checking if libtool supports shared libraries
configure:14022: result: yes
configure:14025: checking whether to build shared libraries
configure:14045: result: yes
configure:14048: checking whether to build static libraries
configure:14052: result: no
configure:14062: checking for f77 option to produce PIC
configure:14294: result: -fPIC
configure:14302: checking if f77 PIC flag -fPIC works
configure:14320: f77 -c -g -O2 -fPIC conftest.f >&5
configure:14324: $? = 0
configure:14337: result: yes
configure:14365: checking if f77 static flag -static works
configure:14393: result: yes
configure:14403: checking if f77 supports -c -o file.o
configure:14424: f77 -c -g -O2 -o out/conftest2.o conftest.f >&5
configure:14428: $? = 0
configure:14450: result: yes
configure:14476: checking whether the f77 linker (/usr/bin/ld -m elf_x86_64) supports shared libraries
configure:15436: result: yes
configure:15503: checking dynamic linker characteristics
configure:16055: result: GNU/Linux ld.so
configure:16064: checking how to hardcode library paths into programs
configure:16089: result: immediate
configure:19734: checking for NS_LDFLAGS and NS_LIBADD type
configure:19749: result: none needed
configure:19782: checking for ns-allinone installation
configure:19814: g++ -E -I/home/yeaseen/ns-allinone-2.35/include -I/home/yeaseen/ns-allinone-2.35/ns-2.35 -I/home/yeaseen/ns-allinone-2.35/tclcl-1.20 -I/home/yeaseen/ns-allinone-2.35/otcl-1.14  -I/home/yeaseen/ns-allinone-2.35/ns-2.35/mac  -I/home/yeaseen/ns-allinone-2.35/ns-2.35/propagation  -I/home/yeaseen/ns-allinone-2.35/ns-2.35/mobile  -I/home/yeaseen/ns-allinone-2.35/ns-2.35/pcap  -I/home/yeaseen/ns-allinone-2.35/ns-2.35/tcp  -I/home/yeaseen/ns-allinone-2.35/ns-2.35/sctp  -I/home/yeaseen/ns-allinone-2.35/ns-2.35/common  -I/home/yeaseen/ns-allinone-2.35/ns-2.35/link  -I/home/yeaseen/ns-allinone-2.35/ns-2.35/queue  -I/home/yeaseen/ns-allinone-2.35/ns-2.35/trace  -I/home/yeaseen/ns-allinone-2.35/ns-2.35/adc  -I/home/yeaseen/ns-allinone-2.35/ns-2.35/apps  -I/home/yeaseen/ns-allinone-2.35/ns-2.35/routing  -I/home/yeaseen/ns-allinone-2.35/ns-2.35/tools  -I/home/yeaseen/ns-allinone-2.35/ns-2.35/classifier  -I/home/yeaseen/ns-allinone-2.35/ns-2.35/mcast  -I/home/yeaseen/ns-allinone-2.35/ns-2.35/diffusion3/lib  -I/home/yeaseen/ns-allinone-2.35/ns-2.35/diffusion3/lib/main  -I/home/yeaseen/ns-allinone-2.35/ns-2.35/diffusion3/lib/nr  -I/home/yeaseen/ns-allinone-2.35/ns-2.35/diffusion3/ns  -I/home/yeaseen/ns-allinone-2.35/ns-2.35/diffusion3/filter_core  -I/home/yeaseen/ns-allinone-2.35/ns-2.35/asim conftest.cpp
configure:19820: $? = 0
configure:19825: result: ok
configure:19843: checking if ns-allinone installation has been patched for dynamic libraries
configure:19873: g++ -E -I/home/yeaseen/ns-allinone-2.35/include -I/home/yeaseen/ns-allinone-2.35/ns-2.35 -I/home/yeaseen/ns-allinone-2.35/tclcl-1.20 -I/home/yeaseen/ns-allinone-2.35/otcl-1.14  -I/home/yeaseen/ns-allinone-2.35/ns-2.35/mac  -I/home/yeaseen/ns-allinone-2.35/ns-2.35/propagation  -I/home/yeaseen/ns-allinone-2.35/ns-2.35/mobile  -I/home/yeaseen/ns-allinone-2.35/ns-2.35/pcap  -I/home/yeaseen/ns-allinone-2.35/ns-2.35/tcp  -I/home/yeaseen/ns-allinone-2.35/ns-2.35/sctp  -I/home/yeaseen/ns-allinone-2.35/ns-2.35/common  -I/home/yeaseen/ns-allinone-2.35/ns-2.35/link  -I/home/yeaseen/ns-allinone-2.35/ns-2.35/queue  -I/home/yeaseen/ns-allinone-2.35/ns-2.35/trace  -I/home/yeaseen/ns-allinone-2.35/ns-2.35/adc  -I/home/yeaseen/ns-allinone-2.35/ns-2.35/apps  -I/home/yeaseen/ns-allinone-2.35/ns-2.35/routing  -I/home/yeaseen/ns-allinone-2.35/ns-2.35/tools  -I/home/yeaseen/ns-allinone-2.35/ns-2.35/classifier  -I/home/yeaseen/ns-allinone-2.35/ns-2.35/mcast  -I/home/yeaseen/ns-allinone-2.35/ns-2.35/diffusion3/lib  -I/home/yeaseen/ns-allinone-2.35/ns-2.35/diffusion3/lib/main  -I/home/yeaseen/ns-allinone-2.35/ns-2.35/diffusion3/lib/nr  -I/home/yeaseen/ns-allinone-2.35/ns-2.35/diffusion3/ns  -I/home/yeaseen/ns-allinone-2.35/ns-2.35/diffusion3/filter_core  -I/home/yeaseen/ns-allinone-2.35/ns-2.35/asim conftest.cpp
configure:19879: $? = 0
configure:19884: result: yes
configure:19922: checking for tcl2c++
configure:19941: found /home/yeaseen/ns-allinone-2.35/tclcl-1.20/tcl2c++
configure:19954: result: /home/yeaseen/ns-allinone-2.35/tclcl-1.20/tcl2c++
configure:20139: creating ./config.status

## ---------------------- ##
## Running config.status. ##
## ---------------------- ##

This file was extended by dei80211mr config.status 1.1.4, which was
generated by GNU Autoconf 2.61.  Invocation command line was

  CONFIG_FILES    = 
  CONFIG_HEADERS  = 
  CONFIG_LINKS    = 
  CONFIG_COMMANDS = 
  $ ./config.status 

on yeaseen-GL552JX

config.status:657: creating Makefile
config.status:657: creating src/Makefile
config.status:657: creating src/adt/Makefile
config.status:657: creating m4/Makefile
config.status:657: creating samples/Makefile
config.status:848: executing depfiles commands

## ---------------- ##
## Cache variables. ##
## ---------------- ##

ac_cv_build=x86_64-unknown-linux-gnu
ac_cv_c_compiler_gnu=yes
ac_cv_cxx_compiler_gnu=yes
ac_cv_env_CCC_set=
ac_cv_env_CCC_value=
ac_cv_env_CC_set=
ac_cv_env_CC_value=
ac_cv_env_CFLAGS_set=
ac_cv_env_CFLAGS_value=
ac_cv_env_CPPFLAGS_set=
ac_cv_env_CPPFLAGS_value=
ac_cv_env_CPP_set=
ac_cv_env_CPP_value=
ac_cv_env_CXXCPP_set=
ac_cv_env_CXXCPP_value=
ac_cv_env_CXXFLAGS_set=
ac_cv_env_CXXFLAGS_value=
ac_cv_env_CXX_set=
ac_cv_env_CXX_value=
ac_cv_env_F77_set=
ac_cv_env_F77_value=
ac_cv_env_FFLAGS_set=
ac_cv_env_FFLAGS_value=
ac_cv_env_LDFLAGS_set=
ac_cv_env_LDFLAGS_value=
ac_cv_env_LIBS_set=
ac_cv_env_LIBS_value=
ac_cv_env_TCL2CPP_set=
ac_cv_env_TCL2CPP_value=
ac_cv_env_build_alias_set=
ac_cv_env_build_alias_value=
ac_cv_env_host_alias_set=
ac_cv_env_host_alias_value=
ac_cv_env_target_alias_set=
ac_cv_env_target_alias_value=
ac_cv_f77_compiler_gnu=yes
ac_cv_header_dlfcn_h=yes
ac_cv_header_inttypes_h=yes
ac_cv_header_memory_h=yes
ac_cv_header_stdc=yes
ac_cv_header_stdint_h=yes
ac_cv_header_stdlib_h=yes
ac_cv_header_string_h=yes
ac_cv_header_strings_h=yes
ac_cv_header_sys_stat_h=yes
ac_cv_header_sys_types_h=yes
ac_cv_header_unistd_h=yes
ac_cv_host=x86_64-unknown-linux-gnu
ac_cv_objext=o
ac_cv_path_EGREP='/bin/grep -E'
ac_cv_path_GREP=/bin/grep
ac_cv_path_TCL2CPP=/home/yeaseen/ns-allinone-2.35/tclcl-1.20/tcl2c++
ac_cv_path_install='/usr/bin/install -c'
ac_cv_path_mkdir=/bin/mkdir
ac_cv_prog_AWK=mawk
ac_cv_prog_CPP='gcc -E'
ac_cv_prog_CXXCPP='g++ -E'
ac_cv_prog_ac_ct_AR=ar
ac_cv_prog_ac_ct_CC=gcc
ac_cv_prog_ac_ct_CXX=g++
ac_cv_prog_ac_ct_F77=f77
ac_cv_prog_ac_ct_RANLIB=ranlib
ac_cv_prog_ac_ct_STRIP=strip
ac_cv_prog_cc_c89=
ac_cv_prog_cc_g=yes
ac_cv_prog_cxx_g=yes
ac_cv_prog_f77_g=yes
ac_cv_prog_make_make_set=yes
am_cv_CC_dependencies_compiler_type=gcc3
am_cv_CXX_dependencies_compiler_type=gcc3
lt_cv_deplibs_check_method=pass_all
lt_cv_file_magic_cmd='$MAGIC_CMD'
lt_cv_file_magic_test_file=
lt_cv_ld_reload_flag=-r
lt_cv_objdir=.libs
lt_cv_path_LD=/usr/bin/ld
lt_cv_path_LDCXX='/usr/bin/ld -m elf_x86_64'
lt_cv_path_NM='/usr/bin/nm -B'
lt_cv_path_SED=/bin/sed
lt_cv_prog_compiler_c_o=yes
lt_cv_prog_compiler_c_o_CXX=yes
lt_cv_prog_compiler_c_o_F77=yes
lt_cv_prog_compiler_rtti_exceptions=no
lt_cv_prog_gnu_ld=yes
lt_cv_prog_gnu_ldcxx=yes
lt_cv_sys_global_symbol_pipe='sed -n -e '\''s/^.*[ 	]\([ABCDGIRSTW][ABCDGIRSTW]*\)[ 	][ 	]*\([_A-Za-z][_A-Za-z0-9]*\)$/\1 \2 \2/p'\'''
lt_cv_sys_global_symbol_to_c_name_address='sed -n -e '\''s/^: \([^ ]*\) $/  {\"\1\", (lt_ptr) 0},/p'\'' -e '\''s/^[BCDEGRST] \([^ ]*\) \([^ ]*\)$/  {"\2", (lt_ptr) \&\2},/p'\'''
lt_cv_sys_global_symbol_to_cdecl='sed -n -e '\''s/^. .* \(.*\)$/extern int \1;/p'\'''
lt_cv_sys_max_cmd_len=1572864
lt_lt_cv_prog_compiler_c_o='"yes"'
lt_lt_cv_prog_compiler_c_o_CXX='"yes"'
lt_lt_cv_prog_compiler_c_o_F77='"yes"'
lt_lt_cv_sys_global_symbol_pipe='"sed -n -e '\''s/^.*[ 	]\\([ABCDGIRSTW][ABCDGIRSTW]*\\)[ 	][ 	]*\\([_A-Za-z][_A-Za-z0-9]*\\)\$/\\1 \\2 \\2/p'\''"'
lt_lt_cv_sys_global_symbol_to_c_name_address='"sed -n -e '\''s/^: \\([^ ]*\\) \$/  {\\\"\\1\\\", (lt_ptr) 0},/p'\'' -e '\''s/^[BCDEGRST] \\([^ ]*\\) \\([^ ]*\\)\$/  {\"\\2\", (lt_ptr) \\&\\2},/p'\''"'
lt_lt_cv_sys_global_symbol_to_cdecl='"sed -n -e '\''s/^. .* \\(.*\\)\$/extern int \\1;/p'\''"'

## ----------------- ##
## Output variables. ##
## ----------------- ##

ACLOCAL='${SHELL} /home/yeaseen/ns-allinone-2.35/dei80211mr-1.1.4/missing --run aclocal-1.10'
AMDEPBACKSLASH='\'
AMDEP_FALSE='#'
AMDEP_TRUE=''
AMTAR='${SHELL} /home/yeaseen/ns-allinone-2.35/dei80211mr-1.1.4/missing --run tar'
AR='ar'
AS='as'
AUTOCONF='${SHELL} /home/yeaseen/ns-allinone-2.35/dei80211mr-1.1.4/missing --run autoconf'
AUTOHEADER='${SHELL} /home/yeaseen/ns-allinone-2.35/dei80211mr-1.1.4/missing --run autoheader'
AUTOMAKE='${SHELL} /home/yeaseen/ns-allinone-2.35/dei80211mr-1.1.4/missing --run automake-1.10'
AWK='mawk'
CC='gcc'
CCDEPMODE='depmode=gcc3'
CFLAGS='-g -O2 -Wall -Wno-write-strings -g'
CPP='gcc -E'
CPPFLAGS=' -Wall -Wno-write-strings -g'
CXX='g++'
CXXCPP='g++ -E'
CXXDEPMODE='depmode=gcc3'
CXXFLAGS='-g -O2'
CYGPATH_W='echo'
DEFS='-DPACKAGE_NAME=\"dei80211mr\" -DPACKAGE_TARNAME=\"dei80211mr\" -DPACKAGE_VERSION=\"1.1.4\" -DPACKAGE_STRING=\"dei80211mr\ 1.1.4\" -DPACKAGE_BUGREPORT=\"\" -DPACKAGE=\"dei80211mr\" -DVERSION=\"1.1.4\" -DSTDC_HEADERS=1 -DHAVE_SYS_TYPES_H=1 -DHAVE_SYS_STAT_H=1 -DHAVE_STDLIB_H=1 -DHAVE_STRING_H=1 -DHAVE_MEMORY_H=1 -DHAVE_STRINGS_H=1 -DHAVE_INTTYPES_H=1 -DHAVE_STDINT_H=1 -DHAVE_UNISTD_H=1 -DHAVE_DLFCN_H=1 -DCPP_NAMESPACE=std'
DEPDIR='.deps'
DLLTOOL='dlltool'
ECHO='echo'
ECHO_C=''
ECHO_N='-n'
ECHO_T=''
EGREP='/bin/grep -E'
EXEEXT=''
F77='f77'
FFLAGS='-g -O2'
GREP='/bin/grep'
INSTALL_DATA='${INSTALL} -m 644'
INSTALL_PROGRAM='${INSTALL}'
INSTALL_SCRIPT='${INSTALL}'
INSTALL_STRIP_PROGRAM='$(install_sh) -c -s'
LDFLAGS=''
LIBOBJS=''
LIBS=''
LIBTOOL='$(SHELL) $(top_builddir)/libtool'
LN_S='ln -s'
LTLIBOBJS=''
MAKEINFO='${SHELL} /home/yeaseen/ns-allinone-2.35/dei80211mr-1.1.4/missing --run makeinfo'
NS_ALLINONE_DISTCHECK_CONFIGURE_FLAGS='--with-ns-allinone=/home/yeaseen/ns-allinone-2.35'
NS_CPPFLAGS='-I/home/yeaseen/ns-allinone-2.35/include -I/home/yeaseen/ns-allinone-2.35/ns-2.35 -I/home/yeaseen/ns-allinone-2.35/tclcl-1.20 -I/home/yeaseen/ns-allinone-2.35/otcl-1.14  -I/home/yeaseen/ns-allinone-2.35/ns-2.35/mac  -I/home/yeaseen/ns-allinone-2.35/ns-2.35/propagation  -I/home/yeaseen/ns-allinone-2.35/ns-2.35/mobile  -I/home/yeaseen/ns-allinone-2.35/ns-2.35/pcap  -I/home/yeaseen/ns-allinone-2.35/ns-2.35/tcp  -I/home/yeaseen/ns-allinone-2.35/ns-2.35/sctp  -I/home/yeaseen/ns-allinone-2.35/ns-2.35/common  -I/home/yeaseen/ns-allinone-2.35/ns-2.35/link  -I/home/yeaseen/ns-allinone-2.35/ns-2.35/queue  -I/home/yeaseen/ns-allinone-2.35/ns-2.35/trace  -I/home/yeaseen/ns-allinone-2.35/ns-2.35/adc  -I/home/yeaseen/ns-allinone-2.35/ns-2.35/apps  -I/home/yeaseen/ns-allinone-2.35/ns-2.35/routing  -I/home/yeaseen/ns-allinone-2.35/ns-2.35/tools  -I/home/yeaseen/ns-allinone-2.35/ns-2.35/classifier  -I/home/yeaseen/ns-allinone-2.35/ns-2.35/mcast  -I/home/yeaseen/ns-allinone-2.35/ns-2.35/diffusion3/lib  -I/home/yeaseen/ns-allinone-2.35/ns-2.35/diffusion3/lib/main  -I/home/yeaseen/ns-allinone-2.35/ns-2.35/diffusion3/lib/nr  -I/home/yeaseen/ns-allinone-2.35/ns-2.35/diffusion3/ns  -I/home/yeaseen/ns-allinone-2.35/ns-2.35/diffusion3/filter_core  -I/home/yeaseen/ns-allinone-2.35/ns-2.35/asim'
NS_LDFLAGS=''
NS_LIBADD=''
OBJDUMP='objdump'
OBJEXT='o'
PACKAGE='dei80211mr'
PACKAGE_BUGREPORT=''
PACKAGE_NAME='dei80211mr'
PACKAGE_STRING='dei80211mr 1.1.4'
PACKAGE_TARNAME='dei80211mr'
PACKAGE_VERSION='1.1.4'
PATH_SEPARATOR=':'
RANLIB='ranlib'
SED='/bin/sed'
SET_MAKE=''
SHELL='/bin/bash'
STRIP='strip'
TCL2CPP='/home/yeaseen/ns-allinone-2.35/tclcl-1.20/tcl2c++'
VERSION='1.1.4'
ac_ct_CC='gcc'
ac_ct_CXX='g++'
ac_ct_F77='f77'
am__fastdepCC_FALSE='#'
am__fastdepCC_TRUE=''
am__fastdepCXX_FALSE='#'
am__fastdepCXX_TRUE=''
am__include='include'
am__isrc=''
am__leading_dot='.'
am__quote=''
am__tar='${AMTAR} chof - "$$tardir"'
am__untar='${AMTAR} xf -'
bindir='${exec_prefix}/bin'
build='x86_64-unknown-linux-gnu'
build_alias=''
build_cpu='x86_64'
build_os='linux-gnu'
build_vendor='unknown'
datadir='${datarootdir}'
datarootdir='${prefix}/share'
docdir='${datarootdir}/doc/${PACKAGE_TARNAME}'
dvidir='${docdir}'
exec_prefix='${prefix}'
host='x86_64-unknown-linux-gnu'
host_alias=''
host_cpu='x86_64'
host_os='linux-gnu'
host_vendor='unknown'
htmldir='${docdir}'
includedir='${prefix}/include'
infodir='${datarootdir}/info'
install_sh='$(SHELL) /home/yeaseen/ns-allinone-2.35/dei80211mr-1.1.4/install-sh'
libdir='${exec_prefix}/lib'
libexecdir='${exec_prefix}/libexec'
localedir='${datarootdir}/locale'
localstatedir='${prefix}/var'
mandir='${datarootdir}/man'
mkdir_p='/bin/mkdir -p'
oldincludedir='/usr/include'
pdfdir='${docdir}'
prefix='/home/yeaseen/ns-allinone-2.35'
program_transform_name='s,x,x,'
psdir='${docdir}'
sbindir='${exec_prefix}/sbin'
sharedstatedir='${prefix}/com'
sysconfdir='${prefix}/etc'
target_alias=''

## ----------- ##
## confdefs.h. ##
## ----------- ##

#define PACKAGE_NAME "dei80211mr"
#define PACKAGE_TARNAME "dei80211mr"
#define PACKAGE_VERSION "1.1.4"
#define PACKAGE_STRING "dei80211mr 1.1.4"
#define PACKAGE_BUGREPORT ""
#define PACKAGE "dei80211mr"
#define VERSION "1.1.4"
#define STDC_HEADERS 1
#define HAVE_SYS_TYPES_H 1
#define HAVE_SYS_STAT_H 1
#define HAVE_STDLIB_H 1
#define HAVE_STRING_H 1
#define HAVE_MEMORY_H 1
#define HAVE_STRINGS_H 1
#define HAVE_INTTYPES_H 1
#define HAVE_STDINT_H 1
#define HAVE_UNISTD_H 1
#define HAVE_DLFCN_H 1
#define CPP_NAMESPACE std

configure: exit 0

## ---------------------- ##
## Running config.status. ##
## ---------------------- ##

This file was extended by dei80211mr config.status 1.1.4, which was
generated by GNU Autoconf 2.61.  Invocation command line was

  CONFIG_FILES    = 
  CONFIG_HEADERS  = 
  CONFIG_LINKS    = 
  CONFIG_COMMANDS = 
  $ ./config.status src/Makefile depfiles

on yeaseen-GL552JX

config.status:657: creating src/Makefile
config.status:848: executing depfiles commands

## ---------------------- ##
## Running config.status. ##
## ---------------------- ##

This file was extended by dei80211mr config.status 1.1.4, which was
generated by GNU Autoconf 2.61.  Invocation command line was

  CONFIG_FILES    = 
  CONFIG_HEADERS  = 
  CONFIG_LINKS    = 
  CONFIG_COMMANDS = 
  $ ./config.status src/adt/Makefile

on yeaseen-GL552JX

config.status:657: creating src/adt/Makefile

## ---------------------- ##
## Running config.status. ##
## ---------------------- ##

This file was extended by dei80211mr config.status 1.1.4, which was
generated by GNU Autoconf 2.61.  Invocation command line was

  CONFIG_FILES    = 
  CONFIG_HEADERS  = 
  CONFIG_LINKS    = 
  CONFIG_COMMANDS = 
  $ ./config.status Makefile

on yeaseen-GL552JX

config.status:657: creating Makefile

## ---------------------- ##
## Running config.status. ##
## ---------------------- ##

This file was extended by dei80211mr config.status 1.1.4, which was
generated by GNU Autoconf 2.61.  Invocation command line was

  CONFIG_FILES    = 
  CONFIG_HEADERS  = 
  CONFIG_LINKS    = 
  CONFIG_COMMANDS = 
  $ ./config.status m4/Makefile

on yeaseen-GL552JX

config.status:657: creating m4/Makefile

## ---------------------- ##
## Running config.status. ##
## ---------------------- ##

This file was extended by dei80211mr config.status 1.1.4, which was
generated by GNU Autoconf 2.61.  Invocation command line was

  CONFIG_FILES    = 
  CONFIG_HEADERS  = 
  CONFIG_LINKS    = 
  CONFIG_COMMANDS = 
  $ ./config.status samples/Makefile

on yeaseen-GL552JX

config.status:657: creating samples/Makefile
